-------------------------------------------------------------------------------
Test set: org.example.ConcurrencyTests.HighLoadConcurrencyTest
-------------------------------------------------------------------------------
Tests run: 4, Failures: 1, Errors: 0, Skipped: 0, Time elapsed: 6.741 s <<< FAILURE! -- in org.example.ConcurrencyTests.HighLoadConcurrencyTest
org.example.ConcurrencyTests.HighLoadConcurrencyTest.testHighLoadAuthentication -- Time elapsed: 2.883 s <<< FAILURE!
org.opentest4j.AssertionFailedError: At least 50% of authentications should succeed. Success: 100 ==> expected: <true> but was: <false>
	at org.junit.jupiter.api.AssertionFailureBuilder.build(AssertionFailureBuilder.java:151)
	at org.junit.jupiter.api.AssertionFailureBuilder.buildAndThrow(AssertionFailureBuilder.java:132)
	at org.junit.jupiter.api.AssertTrue.failNotTrue(AssertTrue.java:63)
	at org.junit.jupiter.api.AssertTrue.assertTrue(AssertTrue.java:36)
	at org.junit.jupiter.api.Assertions.assertTrue(Assertions.java:214)
	at org.example.ConcurrencyTests.HighLoadConcurrencyTest.testHighLoadAuthentication(HighLoadConcurrencyTest.java:197)
	at java.base/java.lang.reflect.Method.invoke(Method.java:565)
	at java.base/java.util.concurrent.RecursiveAction.exec(RecursiveAction.java:194)
	at java.base/java.util.concurrent.ForkJoinTask.doExec(ForkJoinTask.java:507)
	at java.base/java.util.concurrent.ForkJoinPool$WorkQueue.topLevelExec(ForkJoinPool.java:1394)
	at java.base/java.util.concurrent.ForkJoinPool.runWorker(ForkJoinPool.java:1970)
	at java.base/java.util.concurrent.ForkJoinWorkerThread.run(ForkJoinWorkerThread.java:187)

