-------------------------------------------------------------------------------
Test set: org.example.DesignPatterns.DependencyInjectionPatternTest
-------------------------------------------------------------------------------
Tests run: 22, Failures: 2, Errors: 0, Skipped: 0, Time elapsed: 7.720 s <<< FAILURE! -- in org.example.DesignPatterns.DependencyInjectionPatternTest
org.example.DesignPatterns.DependencyInjectionPatternTest.shouldMaintainServiceLifecycleCorrectly -- Time elapsed: 2.266 s <<< FAILURE!
java.lang.AssertionError: 

Expecting actual:
  org.example.DesignPatterns.DependencyInjectionPatternTest$LifecycleService@25497d3
and:
  org.example.DesignPatterns.DependencyInjectionPatternTest$LifecycleService@30d6c9c8
to refer to the same object
	at org.example.DesignPatterns.DependencyInjectionPatternTest.shouldMaintainServiceLifecycleCorrectly(DependencyInjectionPatternTest.java:248)
	at java.base/java.lang.reflect.Method.invoke(Method.java:565)
	at java.base/java.util.concurrent.RecursiveAction.exec(RecursiveAction.java:194)
	at java.base/java.util.concurrent.ForkJoinTask.doExec(ForkJoinTask.java:507)
	at java.base/java.util.concurrent.ForkJoinPool$WorkQueue.topLevelExec(ForkJoinPool.java:1394)
	at java.base/java.util.concurrent.ForkJoinPool.runWorker(ForkJoinPool.java:1970)
	at java.base/java.util.concurrent.ForkJoinWorkerThread.run(ForkJoinWorkerThread.java:187)

org.example.DesignPatterns.DependencyInjectionPatternTest.shouldClearSingletonsCorrectly -- Time elapsed: 0.023 s <<< FAILURE!
java.lang.AssertionError: 

Expected not same: "Test"
	at org.example.DesignPatterns.DependencyInjectionPatternTest.shouldClearSingletonsCorrectly(DependencyInjectionPatternTest.java:184)
	at java.base/java.lang.reflect.Method.invoke(Method.java:565)
	at java.base/java.util.concurrent.RecursiveAction.exec(RecursiveAction.java:194)
	at java.base/java.util.concurrent.ForkJoinTask.doExec(ForkJoinTask.java:507)
	at java.base/java.util.concurrent.ForkJoinPool$WorkQueue.topLevelExec(ForkJoinPool.java:1394)
	at java.base/java.util.concurrent.ForkJoinPool.runWorker(ForkJoinPool.java:1970)
	at java.base/java.util.concurrent.ForkJoinWorkerThread.run(ForkJoinWorkerThread.java:187)

