-------------------------------------------------------------------------------
Test set: org.example.DesignPatterns.StatePatternTest
-------------------------------------------------------------------------------
Tests run: 29, Failures: 11, Errors: 1, Skipped: 0, Time elapsed: 7.423 s <<< FAILURE! -- in org.example.DesignPatterns.StatePatternTest
org.example.DesignPatterns.StatePatternTest.shouldHandleQuantityUpdatesCorrectly -- Time elapsed: 0.028 s <<< FAILURE!
java.lang.AssertionError: 

Expected size: 1 but was: 0 in:
[]
	at org.example.DesignPatterns.StatePatternTest.shouldHandleQuantityUpdatesCorrectly(StatePatternTest.java:196)
	at java.base/java.lang.reflect.Method.invoke(Method.java:565)
	at java.base/java.util.concurrent.RecursiveAction.exec(RecursiveAction.java:194)
	at java.base/java.util.concurrent.ForkJoinTask.doExec(ForkJoinTask.java:507)
	at java.base/java.util.concurrent.ForkJoinPool$WorkQueue.topLevelExec(ForkJoinPool.java:1394)
	at java.base/java.util.concurrent.ForkJoinPool.runWorker(ForkJoinPool.java:1970)
	at java.base/java.util.concurrent.ForkJoinWorkerThread.run(ForkJoinWorkerThread.java:187)

org.example.DesignPatterns.StatePatternTest.shouldCalculateTotalsCorrectlyAcrossStates -- Time elapsed: 0.056 s <<< FAILURE!
org.opentest4j.AssertionFailedError: 

expected: 31.5
 but was: 0.0
	at java.base/jdk.internal.reflect.DirectConstructorHandleAccessor.newInstance(DirectConstructorHandleAccessor.java:62)
	at java.base/java.lang.reflect.Constructor.newInstanceWithCaller(Constructor.java:499)
	at org.example.DesignPatterns.StatePatternTest.shouldCalculateTotalsCorrectlyAcrossStates(StatePatternTest.java:155)
	at java.base/java.lang.reflect.Method.invoke(Method.java:565)
	at java.base/java.util.concurrent.RecursiveAction.exec(RecursiveAction.java:194)
	at java.base/java.util.concurrent.ForkJoinTask.doExec(ForkJoinTask.java:507)
	at java.base/java.util.concurrent.ForkJoinPool$WorkQueue.topLevelExec(ForkJoinPool.java:1394)
	at java.base/java.util.concurrent.ForkJoinPool.runWorker(ForkJoinPool.java:1970)
	at java.base/java.util.concurrent.ForkJoinWorkerThread.run(ForkJoinWorkerThread.java:187)

org.example.DesignPatterns.StatePatternTest.shouldTransitionFromPaymentPendingToBillGeneratedWhenGeneratingBill -- Time elapsed: 3.615 s <<< FAILURE!
java.lang.AssertionError: 

Expecting actual:
  org.example.core.state.SelectingItemsState@4f35b1e2
to be an instance of:
  org.example.core.state.BillGeneratedState
but was instance of:
  org.example.core.state.SelectingItemsState
	at org.example.DesignPatterns.StatePatternTest.shouldTransitionFromPaymentPendingToBillGeneratedWhenGeneratingBill(StatePatternTest.java:91)
	at java.base/java.lang.reflect.Method.invoke(Method.java:565)
	at java.base/java.util.concurrent.RecursiveAction.exec(RecursiveAction.java:194)
	at java.base/java.util.concurrent.ForkJoinTask.doExec(ForkJoinTask.java:507)
	at java.base/java.util.concurrent.ForkJoinPool$WorkQueue.topLevelExec(ForkJoinPool.java:1394)
	at java.base/java.util.concurrent.ForkJoinPool.runWorker(ForkJoinPool.java:1970)
	at java.base/java.util.concurrent.ForkJoinWorkerThread.run(ForkJoinWorkerThread.java:187)

org.example.DesignPatterns.StatePatternTest.shouldTransitionFromSelectingItemsToPaymentPendingWhenItemsExist -- Time elapsed: 0.045 s <<< FAILURE!
java.lang.AssertionError: 

Expecting actual:
  org.example.core.state.SelectingItemsState@754faf43
to be an instance of:
  org.example.core.state.PaymentPendingState
but was instance of:
  org.example.core.state.SelectingItemsState
	at org.example.DesignPatterns.StatePatternTest.shouldTransitionFromSelectingItemsToPaymentPendingWhenItemsExist(StatePatternTest.java:71)
	at java.base/java.lang.reflect.Method.invoke(Method.java:565)
	at java.base/java.util.concurrent.RecursiveAction.exec(RecursiveAction.java:194)
	at java.base/java.util.concurrent.ForkJoinTask.doExec(ForkJoinTask.java:507)
	at java.base/java.util.concurrent.ForkJoinPool$WorkQueue.topLevelExec(ForkJoinPool.java:1394)
	at java.base/java.util.concurrent.ForkJoinPool.runWorker(ForkJoinPool.java:1970)
	at java.base/java.util.concurrent.ForkJoinWorkerThread.run(ForkJoinWorkerThread.java:187)

org.example.DesignPatterns.StatePatternTest.shouldPreventInvalidOperationsInWrongStates -- Time elapsed: 0.056 s <<< FAILURE!
java.lang.AssertionError: 

Expecting actual:
  org.example.core.state.SelectingItemsState@54dbb445
to be an instance of:
  org.example.core.state.BillGeneratedState
but was instance of:
  org.example.core.state.SelectingItemsState
	at org.example.DesignPatterns.StatePatternTest.shouldPreventInvalidOperationsInWrongStates(StatePatternTest.java:134)
	at java.base/java.lang.reflect.Method.invoke(Method.java:565)
	at java.base/java.util.concurrent.RecursiveAction.exec(RecursiveAction.java:194)
	at java.base/java.util.concurrent.ForkJoinTask.doExec(ForkJoinTask.java:507)
	at java.base/java.util.concurrent.ForkJoinPool$WorkQueue.tryRemoveAndExec(ForkJoinPool.java:1434)
	at java.base/java.util.concurrent.ForkJoinPool.helpJoin(ForkJoinPool.java:2197)
	at java.base/java.util.concurrent.ForkJoinTask.awaitDone(ForkJoinTask.java:495)
	at java.base/java.util.concurrent.ForkJoinTask.join(ForkJoinTask.java:662)
	at java.base/java.util.concurrent.RecursiveAction.exec(RecursiveAction.java:194)
	at java.base/java.util.concurrent.ForkJoinTask.doExec(ForkJoinTask.java:507)
	at java.base/java.util.concurrent.ForkJoinPool$WorkQueue.topLevelExec(ForkJoinPool.java:1394)
	at java.base/java.util.concurrent.ForkJoinPool.runWorker(ForkJoinPool.java:1970)
	at java.base/java.util.concurrent.ForkJoinWorkerThread.run(ForkJoinWorkerThread.java:187)

org.example.DesignPatterns.StatePatternTest.shouldHandleStateTransitionsCorrectlyForOnlineTransactions -- Time elapsed: 3.117 s <<< FAILURE!
java.lang.AssertionError: 

Expecting actual:
  org.example.core.state.SelectingItemsState@621ec3bb
to be an instance of:
  org.example.core.state.PaymentPendingState
but was instance of:
  org.example.core.state.SelectingItemsState
	at org.example.DesignPatterns.StatePatternTest.shouldHandleStateTransitionsCorrectlyForOnlineTransactions(StatePatternTest.java:112)
	at java.base/java.lang.reflect.Method.invoke(Method.java:565)
	at java.base/java.util.concurrent.RecursiveAction.exec(RecursiveAction.java:194)
	at java.base/java.util.concurrent.ForkJoinTask.doExec(ForkJoinTask.java:507)
	at java.base/java.util.concurrent.ForkJoinPool$WorkQueue.topLevelExec(ForkJoinPool.java:1394)
	at java.base/java.util.concurrent.ForkJoinPool.runWorker(ForkJoinPool.java:1970)
	at java.base/java.util.concurrent.ForkJoinWorkerThread.run(ForkJoinWorkerThread.java:187)

org.example.DesignPatterns.StatePatternTest.shouldHandleBillGenerationWithCustomerDetails -- Time elapsed: 0.013 s <<< FAILURE!
java.lang.AssertionError: 

Expecting actual:
  org.example.core.state.SelectingItemsState@29a337ef
to be an instance of:
  org.example.core.state.BillGeneratedState
but was instance of:
  org.example.core.state.SelectingItemsState
	at org.example.DesignPatterns.StatePatternTest.shouldHandleBillGenerationWithCustomerDetails(StatePatternTest.java:305)
	at java.base/java.lang.reflect.Method.invoke(Method.java:565)
	at java.base/java.util.concurrent.RecursiveAction.exec(RecursiveAction.java:194)
	at java.base/java.util.concurrent.ForkJoinTask.doExec(ForkJoinTask.java:507)
	at java.base/java.util.concurrent.ForkJoinPool$WorkQueue.tryRemoveAndExec(ForkJoinPool.java:1434)
	at java.base/java.util.concurrent.ForkJoinPool.helpJoin(ForkJoinPool.java:2197)
	at java.base/java.util.concurrent.ForkJoinTask.awaitDone(ForkJoinTask.java:495)
	at java.base/java.util.concurrent.ForkJoinTask.join(ForkJoinTask.java:662)
	at java.base/java.util.concurrent.RecursiveAction.exec(RecursiveAction.java:194)
	at java.base/java.util.concurrent.ForkJoinTask.doExec(ForkJoinTask.java:507)
	at java.base/java.util.concurrent.ForkJoinPool$WorkQueue.topLevelExec(ForkJoinPool.java:1394)
	at java.base/java.util.concurrent.ForkJoinPool.runWorker(ForkJoinPool.java:1970)
	at java.base/java.util.concurrent.ForkJoinWorkerThread.run(ForkJoinWorkerThread.java:187)

org.example.DesignPatterns.StatePatternTest.shouldMaintainStateConsistencyDuringOperations -- Time elapsed: 0.013 s <<< FAILURE!
java.lang.AssertionError: 

Expecting actual:
  org.example.core.state.SelectingItemsState@2c3dfcff
to be an instance of:
  org.example.core.state.PaymentPendingState
but was instance of:
  org.example.core.state.SelectingItemsState
	at org.example.DesignPatterns.StatePatternTest.shouldMaintainStateConsistencyDuringOperations(StatePatternTest.java:250)
	at java.base/java.lang.reflect.Method.invoke(Method.java:565)
	at java.base/java.util.concurrent.RecursiveAction.exec(RecursiveAction.java:194)
	at java.base/java.util.concurrent.ForkJoinTask.doExec(ForkJoinTask.java:507)
	at java.base/java.util.concurrent.ForkJoinPool$WorkQueue.topLevelExec(ForkJoinPool.java:1394)
	at java.base/java.util.concurrent.ForkJoinPool.runWorker(ForkJoinPool.java:1970)
	at java.base/java.util.concurrent.ForkJoinWorkerThread.run(ForkJoinWorkerThread.java:187)

org.example.DesignPatterns.StatePatternTest.shouldDemonstratePolymorphicStateBehavior -- Time elapsed: 0.037 s <<< FAILURE!
org.opentest4j.AssertionFailedError: 

expected: "Payment Pending"
 but was: "Selecting Items"
	at java.base/jdk.internal.reflect.DirectConstructorHandleAccessor.newInstance(DirectConstructorHandleAccessor.java:62)
	at java.base/java.lang.reflect.Constructor.newInstanceWithCaller(Constructor.java:499)
	at org.example.DesignPatterns.StatePatternTest.shouldDemonstratePolymorphicStateBehavior(StatePatternTest.java:331)
	at java.base/java.lang.reflect.Method.invoke(Method.java:565)
	at java.base/java.util.concurrent.RecursiveAction.exec(RecursiveAction.java:194)
	at java.base/java.util.concurrent.ForkJoinTask.doExec(ForkJoinTask.java:507)
	at java.base/java.util.concurrent.ForkJoinPool$WorkQueue.topLevelExec(ForkJoinPool.java:1394)
	at java.base/java.util.concurrent.ForkJoinPool.runWorker(ForkJoinPool.java:1970)
	at java.base/java.util.concurrent.ForkJoinWorkerThread.run(ForkJoinWorkerThread.java:187)

org.example.DesignPatterns.StatePatternTest.shouldHandleChangeCalculationCorrectly -- Time elapsed: 0.094 s <<< ERROR!
org.mockito.exceptions.misusing.UnnecessaryStubbingException: 

Unnecessary stubbings detected.
Clean & maintainable test code requires zero unnecessary code.
Following stubbings are unnecessary (click to navigate to relevant line of code):
  1. -> at org.example.DesignPatterns.StatePatternTest.shouldHandleChangeCalculationCorrectly(StatePatternTest.java:262)
Please remove unnecessary stubbings or use 'lenient' strictness. More info: javadoc for UnnecessaryStubbingException class.
	at org.mockito.junit.jupiter.MockitoExtension.afterEach(MockitoExtension.java:186)
	at java.base/java.util.concurrent.RecursiveAction.exec(RecursiveAction.java:194)
	at java.base/java.util.concurrent.ForkJoinTask.doExec(ForkJoinTask.java:507)
	at java.base/java.util.concurrent.ForkJoinPool.helpJoin(ForkJoinPool.java:2253)
	at java.base/java.util.concurrent.ForkJoinTask.awaitDone(ForkJoinTask.java:495)
	at java.base/java.util.concurrent.ForkJoinTask.join(ForkJoinTask.java:662)
	at java.base/java.util.concurrent.RecursiveAction.exec(RecursiveAction.java:194)
	at java.base/java.util.concurrent.ForkJoinTask.doExec(ForkJoinTask.java:507)
	at java.base/java.util.concurrent.ForkJoinPool$WorkQueue.topLevelExec(ForkJoinPool.java:1394)
	at java.base/java.util.concurrent.ForkJoinPool.runWorker(ForkJoinPool.java:1970)
	at java.base/java.util.concurrent.ForkJoinWorkerThread.run(ForkJoinWorkerThread.java:187)

org.example.DesignPatterns.StatePatternTest.shouldHandleItemRemovalCorrectly -- Time elapsed: 0.052 s <<< FAILURE!
org.opentest4j.AssertionFailedError: 

Expecting value to be true but was false
	at java.base/jdk.internal.reflect.DirectConstructorHandleAccessor.newInstance(DirectConstructorHandleAccessor.java:62)
	at java.base/java.lang.reflect.Constructor.newInstanceWithCaller(Constructor.java:499)
	at org.example.DesignPatterns.StatePatternTest.shouldHandleItemRemovalCorrectly(StatePatternTest.java:170)
	at java.base/java.lang.reflect.Method.invoke(Method.java:565)
	at java.base/java.util.concurrent.RecursiveAction.exec(RecursiveAction.java:194)
	at java.base/java.util.concurrent.ForkJoinTask.doExec(ForkJoinTask.java:507)
	at java.base/java.util.concurrent.ForkJoinPool$WorkQueue.tryRemoveAndExec(ForkJoinPool.java:1434)
	at java.base/java.util.concurrent.ForkJoinPool.helpJoin(ForkJoinPool.java:2197)
	at java.base/java.util.concurrent.ForkJoinTask.awaitDone(ForkJoinTask.java:495)
	at java.base/java.util.concurrent.ForkJoinTask.join(ForkJoinTask.java:662)
	at java.base/java.util.concurrent.RecursiveAction.exec(RecursiveAction.java:194)
	at java.base/java.util.concurrent.ForkJoinTask.doExec(ForkJoinTask.java:507)
	at java.base/java.util.concurrent.ForkJoinPool$WorkQueue.topLevelExec(ForkJoinPool.java:1394)
	at java.base/java.util.concurrent.ForkJoinPool.runWorker(ForkJoinPool.java:1970)
	at java.base/java.util.concurrent.ForkJoinWorkerThread.run(ForkJoinWorkerThread.java:187)

org.example.DesignPatterns.StatePatternTest.shouldHandleItemNotFoundScenario -- Time elapsed: 0.068 s <<< FAILURE!
java.lang.AssertionError: 

Expecting code to raise a throwable.
	at org.example.DesignPatterns.StatePatternTest.shouldHandleItemNotFoundScenario(StatePatternTest.java:212)
	at java.base/java.lang.reflect.Method.invoke(Method.java:565)
	at java.base/java.util.concurrent.RecursiveAction.exec(RecursiveAction.java:194)
	at java.base/java.util.concurrent.ForkJoinTask.doExec(ForkJoinTask.java:507)
	at java.base/java.util.concurrent.ForkJoinPool$WorkQueue.topLevelExec(ForkJoinPool.java:1394)
	at java.base/java.util.concurrent.ForkJoinPool.runWorker(ForkJoinPool.java:1970)
	at java.base/java.util.concurrent.ForkJoinWorkerThread.run(ForkJoinWorkerThread.java:187)

