<?xml version="1.0" encoding="UTF-8"?>
<testsuite xmlns:xsi="http://www.w3.org/2001/XMLSchema-instance" xsi:noNamespaceSchemaLocation="https://maven.apache.org/surefire/maven-surefire-plugin/xsd/surefire-test-report-3.0.xsd" version="3.0" name="org.example.persistence.database.DatabaseConnectionTest" time="1.849" tests="4" errors="0" skipped="0" failures="0">
  <properties>
[...]
</properties>
  <testcase name="testMixedOperations" classname="org.example.SimpleConcurrencyTest" time="0.514">
    <system-out><![CDATA[============================================================
STARTING: 100 Concurrent User Registration Test
============================================================
All threads prepared. Starting concurrent execution...
✅ User 24 registered successfully (Response time: 290ms)
✅ User 27 registered successfully (Response time: 330ms)
✅ User 3 registered successfully (Response time: 357ms)
✅ User 18 registered successfully (Response time: 378ms)
✅ User 15 registered successfully (Response time: 397ms)
✅ User 21 registered successfully (Response time: 397ms)
✅ User 6 registered successfully (Response time: 427ms)
✅ User 12 registered successfully (Response time: 428ms)
✅ User 9 registered successfully (Response time: 456ms)
✅ User 30 registered successfully (Response time: 467ms)

============================================================
MIXED OPERATIONS TEST RESULTS
============================================================
Test Completed: YES
Total Test Time: 506 ms (0.51 seconds)
Total Operations: 30
Successful Operations: 30
Failed Operations: 0
Success Rate: 100.00%
Average Response Time: 200.50 ms
Throughput: 59.29 operations/second
============================================================
]]></system-out>
  </testcase>
  <testcase name="testConcurrentUserRegistrations" classname="org.example.SimpleConcurrencyTest" time="0.998">
    <system-out><![CDATA[✅ User 25 registered successfully (Response time: 254ms)
✅ User 40 registered successfully (Response time: 281ms)
✅ User 30 registered successfully (Response time: 288ms)
✅ User 14 registered successfully (Response time: 292ms)
✅ User 4 registered successfully (Response time: 296ms)
✅ User 35 registered successfully (Response time: 299ms)
✅ User 17 registered successfully (Response time: 304ms)
✅ User 45 registered successfully (Response time: 342ms)
✅ User 32 registered successfully (Response time: 342ms)
✅ User 50 registered successfully (Response time: 350ms)
✅ User 33 registered successfully (Response time: 348ms)
✅ User 23 registered successfully (Response time: 350ms)
✅ User 18 registered successfully (Response time: 350ms)
✅ User 7 registered successfully (Response time: 353ms)
✅ User 44 registered successfully (Response time: 356ms)
✅ User 38 registered successfully (Response time: 361ms)
✅ User 13 registered successfully (Response time: 368ms)
✅ User 11 registered successfully (Response time: 373ms)
✅ User 16 registered successfully (Response time: 373ms)
✅ User 24 registered successfully (Response time: 374ms)
✅ User 39 registered successfully (Response time: 376ms)
✅ User 8 registered successfully (Response time: 378ms)
✅ User 1 registered successfully (Response time: 380ms)
✅ User 29 registered successfully (Response time: 381ms)
✅ User 47 registered successfully (Response time: 381ms)
✅ User 2 registered successfully (Response time: 392ms)
✅ User 36 registered successfully (Response time: 392ms)
✅ User 43 registered successfully (Response time: 393ms)
✅ User 19 registered successfully (Response time: 396ms)
✅ User 12 registered successfully (Response time: 398ms)
✅ User 42 registered successfully (Response time: 402ms)
✅ User 10 registered successfully (Response time: 406ms)
✅ User 21 registered successfully (Response time: 408ms)
✅ User 49 registered successfully (Response time: 413ms)
✅ User 34 registered successfully (Response time: 416ms)
✅ User 31 registered successfully (Response time: 416ms)
✅ User 6 registered successfully (Response time: 421ms)
✅ User 20 registered successfully (Response time: 430ms)
✅ User 41 registered successfully (Response time: 435ms)
✅ User 5 registered successfully (Response time: 445ms)
✅ User 46 registered successfully (Response time: 448ms)
✅ User 15 registered successfully (Response time: 459ms)
✅ User 9 registered successfully (Response time: 467ms)
✅ User 27 registered successfully (Response time: 469ms)
✅ User 28 registered successfully (Response time: 475ms)
✅ User 37 registered successfully (Response time: 489ms)
✅ User 22 registered successfully (Response time: 494ms)
✅ User 3 registered successfully (Response time: 498ms)
✅ User 26 registered successfully (Response time: 508ms)
✅ User 48 registered successfully (Response time: 530ms)
✅ User 54 registered successfully (Response time: 268ms)
✅ User 57 registered successfully (Response time: 267ms)
✅ User 51 registered successfully (Response time: 341ms)
✅ User 52 registered successfully (Response time: 349ms)
✅ User 58 registered successfully (Response time: 306ms)
✅ User 77 registered successfully (Response time: 259ms)
✅ User 68 registered successfully (Response time: 300ms)
✅ User 66 registered successfully (Response time: 315ms)
✅ User 88 registered successfully (Response time: 250ms)
✅ User 55 registered successfully (Response time: 384ms)
✅ User 53 registered successfully (Response time: 392ms)
✅ User 87 registered successfully (Response time: 278ms)
✅ User 76 registered successfully (Response time: 320ms)
✅ User 72 registered successfully (Response time: 343ms)
✅ User 56 registered successfully (Response time: 432ms)
✅ User 91 registered successfully (Response time: 296ms)
✅ User 81 registered successfully (Response time: 355ms)
✅ User 61 registered successfully (Response time: 414ms)
✅ User 63 registered successfully (Response time: 414ms)
✅ User 80 registered successfully (Response time: 366ms)
✅ User 67 registered successfully (Response time: 406ms)
✅ User 64 registered successfully (Response time: 445ms)
✅ User 74 registered successfully (Response time: 394ms)
✅ User 83 registered successfully (Response time: 391ms)
✅ User 96 registered successfully (Response time: 309ms)
✅ User 75 registered successfully (Response time: 416ms)
✅ User 93 registered successfully (Response time: 332ms)
✅ User 70 registered successfully (Response time: 424ms)
✅ User 92 registered successfully (Response time: 319ms)
✅ User 71 registered successfully (Response time: 422ms)
✅ User 62 registered successfully (Response time: 454ms)
✅ User 94 registered successfully (Response time: 349ms)
✅ User 60 registered successfully (Response time: 473ms)
✅ User 82 registered successfully (Response time: 444ms)
✅ User 85 registered successfully (Response time: 435ms)
✅ User 65 registered successfully (Response time: 495ms)
✅ User 73 registered successfully (Response time: 475ms)
✅ User 89 registered successfully (Response time: 420ms)
✅ User 78 registered successfully (Response time: 477ms)
✅ User 59 registered successfully (Response time: 532ms)
✅ User 84 registered successfully (Response time: 465ms)
✅ User 95 registered successfully (Response time: 408ms)
✅ User 69 registered successfully (Response time: 531ms)
✅ User 86 registered successfully (Response time: 488ms)
✅ User 97 registered successfully (Response time: 412ms)
✅ User 100 registered successfully (Response time: 384ms)
✅ User 79 registered successfully (Response time: 522ms)
✅ User 98 registered successfully (Response time: 420ms)
✅ User 90 registered successfully (Response time: 473ms)
✅ User 99 registered successfully (Response time: 446ms)

============================================================
CONCURRENT USER REGISTRATION TEST RESULTS
============================================================
Test Completed: YES
Total Test Time: 993 ms (0.99 seconds)
Total Users: 100
Successful Registrations: 100
Failed Registrations: 0
Success Rate: 100.00%
Average Response Time: 391.60 ms
Throughput: 100.70 registrations/second
============================================================
]]></system-out>
    <system-err><![CDATA[WARNING: A Java agent has been loaded dynamically (C:\Users\tahir\.m2\repository\net\bytebuddy\byte-buddy-agent\1.14.1\byte-buddy-agent-1.14.1.jar)
WARNING: If a serviceability tool is in use, please run with -XX:+EnableDynamicAgentLoading to hide this warning
WARNING: If a serviceability tool is not in use, please run with -Djdk.instrument.traceUsage for more information
WARNING: Dynamic loading of agents will be disallowed by default in a future release
]]></system-err>
  </testcase>
  <testcase name="testConnect" classname="org.example.persistence.database.DatabaseConnectionTest" time="1.66"/>
  <testcase name="testCloseConnection" classname="org.example.persistence.database.DatabaseConnectionTest" time="0.009"/>
</testsuite>