<?xml version="1.0" encoding="UTF-8"?>
<testsuite xmlns:xsi="http://www.w3.org/2001/XMLSchema-instance" xsi:noNamespaceSchemaLocation="https://maven.apache.org/surefire/maven-surefire-plugin/xsd/surefire-test-report-3.0.xsd" version="3.0" name="org.example.business.services.ItemServiceImplTest" time="3.014" tests="22" errors="0" skipped="0" failures="0">
  <properties>
[...]
</properties>
  <testcase name="get_low_stock_shelves_Success" classname="org.example.presentation.controllers.ShelfControllerTest" time="0.662"/>
  <testcase name="addShelf_Success" classname="org.example.presentation.controllers.ShelfControllerTest" time="0.183">
    <system-out><![CDATA[Mixed activity 33 (browse) completed, 41 items found
Shelf added successfully with ID: 90
Online customer registered successfully with ID: 107
Online customer registered successfully with ID: 105
Online customer registered successfully with ID: 106
Mixed activity 31 (register) completed, ID: 107
Mixed activity 28 (register) completed, ID: 105
]]></system-out>
  </testcase>
  <testcase name="get_shelf_by_shelf_id_NotFound" classname="org.example.presentation.controllers.ShelfControllerTest" time="0.014">
    <system-out><![CDATA[No shelf found for the given ID.
]]></system-out>
  </testcase>
  <testcase name="getStockQuantityByItem_NoStock" classname="org.example.presentation.controllers.StockControllerTest" time="0.104">
    <system-out><![CDATA[Access Denied - Invalid credentials detected
Access Denied - Invalid credentials detected
Access Denied - Invalid credentials detected
Access Denied - Invalid credentials detected
Access Denied - Invalid credentials detected
Access Denied - Invalid credentials detected
Access Denied - Invalid credentials detected
Access Denied - Invalid credentials detected
Access Denied - Invalid credentials detected
Access Denied - Invalid credentials detected
Access Denied - Invalid credentials detected
Access Denied - Invalid credentials detected
Successfully added 1 items
Online customer registered successfully with ID: 94
Online customer registered successfully with ID: 91
Registration successful for customer 34 (ID: 91), Response time: 315 ms
Registration successful for customer 32 (ID: 94), Response time: 316 ms
Online customer registered successfully with ID: 93
Registration successful for customer 45 (ID: 93), Response time: 235 ms
Online customer registered successfully with ID: 92
Registration successful for customer 31 (ID: 92), Response time: 318 ms
Access Denied - Invalid credentials detected
Access Denied - Invalid credentials detected
Access Denied - Invalid credentials detected
Access Denied - Invalid credentials detected
Access Denied - Invalid credentials detected
Access Denied - Invalid credentials detected
Online order processed successfully. Order ID: 18
Access Denied - Invalid credentials detected
Access Denied - Invalid credentials detected
Customer 2 order processed (Bill ID: 18), Response time: 60 ms
Access Denied - Invalid credentials detected
]]></system-out>
  </testcase>
  <testcase name="reduceStockQuantityAndUpdateStockShelfTable_Success" classname="org.example.presentation.controllers.StockControllerTest" time="2.291">
    <system-out><![CDATA[
=== MIXED ONLINE CUSTOMER ACTIVITIES TEST ===
Testing 60 customers with mixed online activities...
]]></system-out>
  </testcase>
  <testcase name="addItemsToStock_Success" classname="org.example.presentation.controllers.StockControllerTest" time="0.069">
    <system-out><![CDATA[Successfully added 1 items
Access Denied - Invalid credentials detected

=== HIGH LOAD USER REGISTRATION TEST ===
Testing 500 concurrent user registrations...
Access Denied - Invalid credentials detected

============================================================
EXTREME LOAD STRESS TEST RESULTS
============================================================
Test Completed: YES
Total Time: 816 ms (0.82 seconds)
Total Operations: 1000
Successful Operations: 1000
Failed Operations: 0
Success Rate: 100.00%
Average Response Time: 59.69 ms
Throughput: 1225.49 operations/second
============================================================
Mixed activity 3 (browse) completed, 41 items found
Mixed activity 6 (browse) completed, 41 items found
Mixed activity 0 (browse) completed, 41 items found
Successfully added 1 items
Successfully added 1 items
Online customer registered successfully with ID: 97
Online customer registered successfully with ID: 98
Online customer registered successfully with ID: 99
Mixed activity 7 (register) completed, ID: 98
Mixed activity 1 (register) completed, ID: 97
]]></system-out>
  </testcase>
  <testcase name="allocateStockToShelf_DifferentTypes_Success" classname="org.example.presentation.controllers.StockControllerTest" time="0.123">
    <system-out><![CDATA[Mixed activity 25 (register) completed, ID: 106
Mixed activity 36 (browse) completed, 41 items found
Shelf with ID -1 not found.
]]></system-out>
  </testcase>
  <testcase name="addItemsToStock_MultipleBatches_AccumulatesCorrectly" classname="org.example.presentation.controllers.StockControllerTest" time="0.084">
    <system-out><![CDATA[Online customer registered successfully with ID: 109
Mixed activity 37 (register) completed, ID: 109
]]></system-out>
  </testcase>
  <testcase name="getStockQuantityByItem_NonExistentItem_ReturnsZero" classname="org.example.presentation.controllers.StockControllerTest" time="0.011">
    <system-out><![CDATA[Mixed activity 39 (browse) completed, 42 items found
]]></system-out>
  </testcase>
  <testcase name="addItemsToStock_ZeroQuantity_HandlesGracefully" classname="org.example.presentation.controllers.StockControllerTest" time="0.048">
    <system-out><![CDATA[Customer 2 browsed inventory (42 items), Response time: 14 ms
Customer 5 browsed inventory (42 items), Response time: 14 ms
Customer 7 browsed inventory (42 items), Response time: 13 ms
Customer 15 browsed inventory (42 items), Response time: 6 ms
Customer 4 browsed inventory (42 items), Response time: 14 ms
]]></system-out>
  </testcase>
  <testcase name="addItemsToStock_NearExpiryDate_Success" classname="org.example.presentation.controllers.StockControllerTest" time="0.051">
    <system-out><![CDATA[Customer 16 browsed inventory (42 items), Response time: 6 ms
Customer added successfully: María José O'Connor-Smith
Customer 17 browsed inventory (42 items), Response time: 8 ms
Customer 18 browsed inventory (42 items), Response time: 7 ms
Customer 19 browsed inventory (42 items), Response time: 7 ms
Customer 8 browsed inventory (42 items), Response time: 19 ms
Customer 9 browsed inventory (42 items), Response time: 20 ms
Customer 21 browsed inventory (42 items), Response time: 7 ms
Customer 20 browsed inventory (42 items), Response time: 8 ms
]]></system-out>
  </testcase>
  <testcase name="testConcurrentOnlineCustomerRegistration" classname="org.example.ConcurrencyTests.OnlineCustomerConcurrencyTest" time="2.639">
    <system-out><![CDATA[Access Denied - Invalid credentials detected
Access Denied - Invalid credentials detected
Access Denied - Invalid credentials detected
Access Denied - Invalid credentials detected
Access Denied - Invalid credentials detected
Online customer registered successfully with ID: 95
Registration successful for customer 33 (ID: 95), Response time: 338 ms
Online customer registered successfully with ID: 96
Registration successful for customer 36 (ID: 96), Response time: 331 ms

============================================================
CONCURRENT ONLINE CUSTOMER REGISTRATION TEST RESULTS
============================================================
Test Completed: YES
Total Time: 2489 ms (2.49 seconds)
Total Operations: 50
Successful Operations: 50
Failed Operations: 0
Success Rate: 100.00%
Average Response Time: 706.44 ms
Throughput: 20.09 operations/second
============================================================

]]></system-out>
  </testcase>
  <testcase name="getAllItems_ItemsExist_ReturnsAllItems" classname="org.example.business.services.ItemServiceImplTest" time="0.088">
    <system-out><![CDATA[Access Denied - Invalid credentials detected
Access Denied - Invalid credentials detected
]]></system-out>
  </testcase>
  <testcase name="updateItem_ValidItem_Success" classname="org.example.business.services.ItemServiceImplTest" time="0.09">
    <system-out><![CDATA[Mixed activity 12 (browse) completed, 41 items found
Mixed activity 9 (browse) completed, 41 items found
Online customer registered successfully with ID: 101
Mixed activity 16 (register) completed, ID: 101
Online customer registered successfully with ID: 103
Mixed activity 22 (register) completed, ID: 103
Online customer registered successfully with ID: 102
Mixed activity 19 (register) completed, ID: 102
Mixed activity 27 (browse) completed, 41 items found
Mixed activity 30 (browse) completed, 41 items found
]]></system-out>
  </testcase>
  <testcase name="itemExists_ExistingItem_ReturnsTrue" classname="org.example.business.services.ItemServiceImplTest" time="0.033">
    <system-out><![CDATA[
=== CONCURRENT WEBSITE INVENTORY BROWSING TEST ===
Testing 100 concurrent customers browsing website inventory...
Online customer registered successfully with ID: 108
Mixed activity 34 (register) completed, ID: 108
]]></system-out>
  </testcase>
  <testcase name="itemExists_NonExistingItem_ReturnsFalse" classname="org.example.business.services.ItemServiceImplTest" time="0.008"/>
  <testcase name="getItemById_ExistingId_ReturnsItem" classname="org.example.business.services.ItemServiceImplTest" time="0.041">
    <system-out><![CDATA[Online customer registered successfully with ID: 110
Mixed activity 40 (register) completed, ID: 110
Successfully added 1 items
Mixed activity 42 (browse) completed, 42 items found
Successfully added 1 items
Online customer registered successfully with ID: 111
Mixed activity 43 (register) completed, ID: 111
Customer 6 browsed inventory (42 items), Response time: 8 ms
Customer 3 browsed inventory (42 items), Response time: 12 ms
Customer 1 browsed inventory (42 items), Response time: 12 ms
]]></system-out>
  </testcase>
  <testcase name="getItemById_NonExistingId_ReturnsNull" classname="org.example.business.services.ItemServiceImplTest" time="0.013">
    <system-out><![CDATA[Customer 13 browsed inventory (42 items), Response time: 5 ms
Customer 23 browsed inventory (42 items), Response time: 7 ms
Customer 24 browsed inventory (42 items), Response time: 7 ms
]]></system-out>
  </testcase>
  <testcase name="testExtremeLoadStress" classname="org.example.ConcurrencyTests.HighLoadConcurrencyTest" time="2.707">
    <system-out><![CDATA[Mixed activity 15 (browse) completed, 41 items found
Mixed activity 4 (register) completed, ID: 99
Online customer registered successfully with ID: 100
Mixed activity 13 (register) completed, ID: 100
Mixed activity 21 (browse) completed, 41 items found
Mixed activity 18 (browse) completed, 41 items found
]]></system-out>
  </testcase>
  <testcase name="getCustomerFromContactNumber_NonExistentNumber_ReturnsNull" classname="org.example.presentation.controllers.CustomerControllerTest" time="0.161">
    <system-out><![CDATA[Mixed activity 24 (browse) completed, 41 items found

=== MIXED OPERATIONS LOAD TEST ===
Testing mixed operations with 200 concurrent users...
Successfully added 1 items
Customer with contact number 0999999999 not found.
]]></system-out>
  </testcase>
  <testcase name="getCustomerFromContactNumber_EmptyNumber_HandlesGracefully" classname="org.example.presentation.controllers.CustomerControllerTest" time="0.024">
    <system-out><![CDATA[Customer with contact number  not found.
Online customer registered successfully with ID: 104
Mixed activity 10 (register) completed, ID: 104
]]></system-out>
  </testcase>
  <testcase name="getCustomerFromContactNumber_NullNumber_HandlesGracefully" classname="org.example.presentation.controllers.CustomerControllerTest" time="0.038">
    <system-out><![CDATA[Customer with contact number null not found.
]]></system-out>
  </testcase>
</testsuite>