<?xml version="1.0" encoding="UTF-8"?>
<testsuite xmlns:xsi="http://www.w3.org/2001/XMLSchema-instance" xsi:noNamespaceSchemaLocation="https://maven.apache.org/surefire/maven-surefire-plugin/xsd/surefire-test-report-3.0.xsd" version="3.0" name="org.example.AuthenticationTest" time="2.437" tests="11" errors="0" skipped="0" failures="0">
  <properties>
[...]
</properties>
  <testcase name="generateSalesReport_ValidDate_GeneratesReport" classname="org.example.presentation.controllers.ReportControllerTest" time="2.043">
    <system-out><![CDATA[
=== SALES REPORT FOR 2023-09-08 ===
Filter: All Transactions (Combined Report)
========================================

=== EXTREME LOAD STRESS TEST ===
Testing 1000 concurrent operations for stress testing...
Successfully added 1 items
Customer added successfully: Alice Johnson
Access Denied - Invalid credentials detected
Access Denied - Invalid credentials detected
Access Denied - Invalid credentials detected
Access Denied - Invalid credentials detected
Access Denied - Invalid credentials detected
Access Denied - Invalid credentials detected
Access Denied - Invalid credentials detected
Access Denied - Invalid credentials detected
Access Denied - Invalid credentials detected
Access Denied - Invalid credentials detected
Access Denied - Invalid credentials detected
Access Denied - Invalid credentials detected
Access Denied - Invalid credentials detected
Access Denied - Invalid credentials detected
Access Denied - Invalid credentials detected
Access Denied - Invalid credentials detected
Access Denied - Invalid credentials detected
Access Denied - Invalid credentials detected
Access Denied - Invalid credentials detected
Access Denied - Invalid credentials detected
Access Denied - Invalid credentials detected
Access Denied - Invalid credentials detected
Access Denied - Invalid credentials detected
Access Denied - Invalid credentials detected
Access Denied - Invalid credentials detected
Access Denied - Invalid credentials detected
Access Denied - Invalid credentials detected
Access Denied - Invalid credentials detected
Access Denied - Invalid credentials detected
Access Denied - Invalid credentials detected
Access Denied - Invalid credentials detected
Access Denied - Invalid credentials detected
Access Denied - Invalid credentials detected
Access Denied - Invalid credentials detected
Access Denied - Invalid credentials detected
Access Denied - Invalid credentials detected
Access Denied - Invalid credentials detected
Access Denied - Invalid credentials detected
Access Denied - Invalid credentials detected
Access Denied - Invalid credentials detected
Access Denied - Invalid credentials detected
Access Denied - Invalid credentials detected
Access Denied - Invalid credentials detected
Access Denied - Invalid credentials detected
Access Denied - Invalid credentials detected
Access Denied - Invalid credentials detected
Access Denied - Invalid credentials detected
Access Denied - Invalid credentials detected
Access Denied - Invalid credentials detected
Access Denied - Invalid credentials detected
Access Denied - Invalid credentials detected
Access Denied - Invalid credentials detected
Access Denied - Invalid credentials detected
Access Denied - Invalid credentials detected
Access Denied - Invalid credentials detected
Access Denied - Invalid credentials detected
Access Denied - Invalid credentials detected
Access Denied - Invalid credentials detected
Access Denied - Invalid credentials detected
Access Denied - Invalid credentials detected
Access Denied - Invalid credentials detected
Access Denied - Invalid credentials detected
Access Denied - Invalid credentials detected
Access Denied - Invalid credentials detected
Access Denied - Invalid credentials detected
Access Denied - Invalid credentials detected
Access Denied - Invalid credentials detected
Access Denied - Invalid credentials detected
Access Denied - Invalid credentials detected
Sales Report for 2023-09-08:
Access Denied - Invalid credentials detected
Code      Access Denied - Invalid credentials detected
Access Denied - Invalid credentials detected
 Item NameAccess Denied - Invalid credentials detected
           Access Denied - Invalid credentials detected
Access Denied - Invalid credentials detected
 Total Quantity Access Denied - Invalid credentials detected
 Total Revenue  
Access Denied - Invalid credentials detected
------------------------------------------------------------
Stress operation Access Denied - Invalid credentials detected
100 completed, Response time: 18 ms
]]></system-out>
  </testcase>
  <testcase name="generateSalesReport_InvalidDateFormat_HandlesGracefully" classname="org.example.presentation.controllers.ReportControllerTest" time="0.057">
    <system-out><![CDATA[Access Denied - Invalid credentials detected
Access Denied - Invalid credentials detected
Access Denied - Invalid credentials detected
Access Denied - Invalid credentials detected
Access Denied - Invalid credentials detected
Access Denied - Invalid credentials detected
Access Denied - Invalid credentials detected
Access Denied - Invalid credentials detected
Access Denied - Invalid credentials detected
Access Denied - Invalid credentials detected
Access Denied - Invalid credentials detected
Access Denied - Invalid credentials detected
Access Denied - Invalid credentials detected
Access Denied - Invalid credentials detected
Access Denied - Invalid credentials detected
Access Denied - Invalid credentials detected
Access Denied - Invalid credentials detected
Access Denied - Invalid credentials detected
Access Denied - Invalid credentials detected
Access Denied - Invalid credentials detected
Access Denied - Invalid credentials detected
Access Denied - Invalid credentials detected
Access Denied - Invalid credentials detected
Access Denied - Invalid credentials detected
Access Denied - Invalid credentials detected
Access Denied - Invalid credentials detected
Access Denied - Invalid credentials detected
Access Denied - Invalid credentials detected
Access Denied - Invalid credentials detected
Access Denied - Invalid credentials detected
Access Denied - Invalid credentials detected
Access Denied - Invalid credentials detected
Access Denied - Invalid credentials detected
Access Denied - Invalid credentials detected
Access Denied - Invalid credentials detected
Access Denied - Invalid credentials detected
Access Denied - Invalid credentials detected
Access Denied - Invalid credentials detected
Access Denied - Invalid credentials detected
Access Denied - Invalid credentials detected
Access Denied - Invalid credentials detected
Access Denied - Invalid credentials detected
Access Denied - Invalid credentials detected
Access Denied - Invalid credentials detected
Access Denied - Invalid credentials detected
Access Denied - Invalid credentials detected
Access Denied - Invalid credentials detected
Access Denied - Invalid credentials detected
Access Denied - Invalid credentials detected
Access Denied - Invalid credentials detected
Access Denied - Invalid credentials detected
Access Denied - Invalid credentials detected
Access Denied - Invalid credentials detected
Access Denied - Invalid credentials detected
Access Denied - Invalid credentials detected
Access Denied - Invalid credentials detected
Access Denied - Invalid credentials detected
Access Denied - Invalid credentials detected
Access Denied - Invalid credentials detected
Access Denied - Invalid credentials detected
Access Denied - Invalid credentials detected
Access Denied - Invalid credentials detected
Access Denied - Invalid credentials detected
Access Denied - Invalid credentials detected
Access Denied - Invalid credentials detected
Access Denied - Invalid credentials detected
Access Denied - Invalid credentials detected
Access Denied - Invalid credentials detected
Access Denied - Invalid credentials detected
Access Denied - Invalid credentials detected
Access Denied - Invalid credentials detected
Access Denied - Invalid credentials detected
Access Denied - Invalid credentials detected
Access Denied - Invalid credentials detected
Access Denied - Invalid credentials detected
Access Denied - Invalid credentials detected
Access Denied - Invalid credentials detected
Access Denied - Invalid credentials detected
Warning: Invalid date format 'invalid-date', using today's date
Access Denied - Invalid credentials detected
Access Denied - Invalid credentials detected
Access Denied - Invalid credentials detected
Access Denied - Invalid credentials detected
Access Denied - Invalid credentials detected
Access Denied - Invalid credentials detected
Access Denied - Invalid credentials detected
Access Denied - Invalid credentials detected
Access Denied - Invalid credentials detected
Access Denied - Invalid credentials detected
Access Denied - Invalid credentials detected
Access Denied - Invalid credentials detected
Access Denied - Invalid credentials detected
Access Denied - Invalid credentials detected
Access Denied - Invalid credentials detected
Access Denied - Invalid credentials detected
Access Denied - Invalid credentials detected
Access Denied - Invalid credentials detected
Access Denied - Invalid credentials detected
Access Denied - Invalid credentials detected
Access Denied - Invalid credentials detected
Access Denied - Invalid credentials detected
Access Denied - Invalid credentials detected
Access Denied - Invalid credentials detected

=== SALES REPORT FOR 2026-01-09 ===
Filter: All Transactions (Combined Report)
========================================
Access Denied - Invalid credentials detected
Access Denied - Invalid credentials detected
Access Denied - Invalid credentials detected
Access Denied - Invalid credentials detected
Access Denied - Invalid credentials detected
Access Denied - Invalid credentials detected
Access Denied - Invalid credentials detected
Sales Report for 2026-01-09:
Code       Item Name            Total Quantity  Total Revenue  
------------------------------------------------------------
Access Denied - Invalid credentials detected
]]></system-out>
  </testcase>
  <testcase name="generateSalesReport_NullDate_HandlesGracefully" classname="org.example.presentation.controllers.ReportControllerTest" time="0.03">
    <system-out><![CDATA[Access Denied - Invalid credentials detected
Access Denied - Invalid credentials detected
Access Denied - Invalid credentials detected
Access Denied - Invalid credentials detected
Access Denied - Invalid credentials detected
Access Denied - Invalid credentials detected
Access Denied - Invalid credentials detected
Access Denied - Invalid credentials detected
Access Denied - Invalid credentials detected
Access Denied - Invalid credentials detected
Access Denied - Invalid credentials detected
Access Denied - Invalid credentials detected
Access Denied - Invalid credentials detected
Access Denied - Invalid credentials detected
Access Denied - Invalid credentials detected
Access Denied - Invalid credentials detected
Access Denied - Invalid credentials detected
Access Denied - Invalid credentials detected
Access Denied - Invalid credentials detected
Access Denied - Invalid credentials detected
Access Denied - Invalid credentials detected
Access Denied - Invalid credentials detected
Access Denied - Invalid credentials detected
Access Denied - Invalid credentials detected
Access Denied - Invalid credentials detected
Access Denied - Invalid credentials detected
Access Denied - Invalid credentials detected
Access Denied - Invalid credentials detected
Access Denied - Invalid credentials detected
Access Denied - Invalid credentials detected
Access Denied - Invalid credentials detected
Access Denied - Invalid credentials detected
Access Denied - Invalid credentials detected
Access Denied - Invalid credentials detected
Access Denied - Invalid credentials detected
Access Denied - Invalid credentials detected
Access Denied - Invalid credentials detected
Access Denied - Invalid credentials detected
Warning: Date is null, using today's date
Access Denied - Invalid credentials detected
Access Denied - Invalid credentials detected
Access Denied - Invalid credentials detected
Access Denied - Invalid credentials detected
Access Denied - Invalid credentials detected
Access Denied - Invalid credentials detected
Access Denied - Invalid credentials detected
Access Denied - Invalid credentials detected
Access Denied - Invalid credentials detected
Access Denied - Invalid credentials detected
Access Denied - Invalid credentials detected
Access Denied - Invalid credentials detected
Access Denied - Invalid credentials detected
Access Denied - Invalid credentials detected
Access Denied - Invalid credentials detected
Access Denied - Invalid credentials detected
Access Denied - Invalid credentials detected

=== SALES REPORT FOR 2026-01-09 ===
Filter: All Transactions (Combined Report)
========================================
Access Denied - Invalid credentials detected
Access Denied - Invalid credentials detected
Access Denied - Invalid credentials detected
Access Denied - Invalid credentials detected
Access Denied - Invalid credentials detected
Access Denied - Invalid credentials detected
Access Denied - Invalid credentials detected
Access Denied - Invalid credentials detected
Access Denied - Invalid credentials detected
Access Denied - Invalid credentials detected
Sales Report for 2026-01-09:
Code       Item Name            Total Quantity  Access Denied - Invalid credentials detected
Total Revenue  
------------------------------------------------------------
]]></system-out>
  </testcase>
  <testcase name="generateSalesReport_EmptyDate_HandlesGracefully" classname="org.example.presentation.controllers.ReportControllerTest" time="0.015">
    <system-out><![CDATA[Access Denied - Invalid credentials detected
Access Denied - Invalid credentials detected
Access Denied - Invalid credentials detected
Access Denied - Invalid credentials detected
Access Denied - Invalid credentials detected
Access Denied - Invalid credentials detected
Access Denied - Invalid credentials detected
Access Denied - Invalid credentials detected
Access Denied - Invalid credentials detected
Access Denied - Invalid credentials detected
Access Denied - Invalid credentials detected
Access Denied - Invalid credentials detected
Warning: Date is empty, using today's date
Access Denied - Invalid credentials detected
Access Denied - Invalid credentials detected
Access Denied - Invalid credentials detected
Access Denied - Invalid credentials detected
Access Denied - Invalid credentials detected
Access Denied - Invalid credentials detected
Access Denied - Invalid credentials detected
Access Denied - Invalid credentials detected
Access Denied - Invalid credentials detected
Access Denied - Invalid credentials detected
Access Denied - Invalid credentials detected
Access Denied - Invalid credentials detected
Access Denied - Invalid credentials detected
Access Denied - Invalid credentials detected
Access Denied - Invalid credentials detected

=== SALES REPORT FOR 2026-01-09 ===
Filter: All Transactions (Combined Report)
========================================
Access Denied - Invalid credentials detected
Access Denied - Invalid credentials detected
Sales Report for 2026-01-09:
Code       Item Name  Access Denied - Invalid credentials detected
     Access Denied - Invalid credentials detected
     Total Quantity  Total Revenue  
------------------------------------------------------------
Access Denied - Invalid credentials detected
Access Denied - Invalid credentials detected
]]></system-out>
  </testcase>
  <testcase name="generateSalesReport_FutureDate_HandlesGracefully" classname="org.example.presentation.controllers.ReportControllerTest" time="0.022">
    <system-out><![CDATA[Access Denied - Invalid credentials detected
Access Denied - Invalid credentials detected
Access Denied - Invalid credentials detected
Access Denied - Invalid credentials detected
Access Denied - Invalid credentials detected
Access Denied - Invalid credentials detected
Access Denied - Invalid credentials detected
Access Denied - Invalid credentials detected
Access Denied - Invalid credentials detected
Access Denied - Invalid credentials detected
Access Denied - Invalid credentials detected
Access Denied - Invalid credentials detected
Access Denied - Invalid credentials detected
Access Denied - Invalid credentials detected
Access Denied - Invalid credentials detected
Access Denied - Invalid credentials detected
Access Denied - Invalid credentials detected
Access Denied - Invalid credentials detected
Access Denied - Invalid credentials detected
Access Denied - Invalid credentials detected
Access Denied - Invalid credentials detected
Access Denied - Invalid credentials detected
Access Denied - Invalid credentials detected
Access Denied - Invalid credentials detected
Access Denied - Invalid credentials detected
Access Denied - Invalid credentials detected
Access Denied - Invalid credentials detected
Access Denied - Invalid credentials detected
Access Denied - Invalid credentials detected
Access Denied - Invalid credentials detected
Access Denied - Invalid credentials detected
Stress operation 400 completed, Response time: 5 ms
Access Denied - Invalid credentials detected
Access Denied - Invalid credentials detected
Access Denied - Invalid credentials detected
Access Denied - Invalid credentials detected
Access Denied - Invalid credentials detected
Access Denied - Invalid credentials detected
Access Denied - Invalid credentials detected
Access Denied - Invalid credentials detected
Access Denied - Invalid credentials detected
Access Denied - Invalid credentials detected
Access Denied - Invalid credentials detected
Access Denied - Invalid credentials detected
Access Denied - Invalid credentials detected
Access Denied - Invalid credentials detected
Access Denied - Invalid credentials detected
Access Denied - Invalid credentials detected
Access Denied - Invalid credentials detected

=== SALES REPORT FOR 2050-12-31 ===
Filter: All Transactions (Combined Report)
========================================
Access Denied - Invalid credentials detected
Access Denied - Invalid credentials detected
Access Denied - Invalid credentials detected
Access Denied - Invalid credentials detected
Access Denied - Invalid credentials detected
Sales Report for 2050-12-31:
Code    Access Denied - Invalid credentials detected
   Item Name            Total Quantity  Total Revenue  
------------------------------------------------------------
Access Denied - Invalid credentials detected
]]></system-out>
  </testcase>
  <testcase name="generateSalesReport_WithTransactionType_GeneratesReport" classname="org.example.presentation.controllers.ReportControllerTest" time="0.036">
    <system-out><![CDATA[Access Denied - Invalid credentials detected
Online customer registered successfully with ID: 59
Access Denied - Invalid credentials detected
Online customer registered successfully with ID: 56
Access Denied - Invalid credentials detected
Access Denied - Invalid credentials detected
Access Denied - Invalid credentials detected
Access Denied - Invalid credentials detected
Access Denied - Invalid credentials detected
Access Denied - Invalid credentials detected
Access Denied - Invalid credentials detected
Access Denied - Invalid credentials detected
Access Denied - Invalid credentials detected
Access Denied - Invalid credentials detected
Access Denied - Invalid credentials detected
Access Denied - Invalid credentials detected
Access Denied - Invalid credentials detected
Access Denied - Invalid credentials detected
Access Denied - Invalid credentials detected
Access Denied - Invalid credentials detected
Access Denied - Invalid credentials detected
Access Denied - Invalid credentials detected
Access Denied - Invalid credentials detected
Access Denied - Invalid credentials detected
Access Denied - Invalid credentials detected
Access Denied - Invalid credentials detected
Sales Report for 2023-09-08 (COUNTER):
Code       Item Name            Total Quantity  Total Revenue  
------------------------------------------------------------
]]></system-out>
  </testcase>
  <testcase name="get_invalidUserDetails_when_loggedInWithInvalidCredentials" classname="org.example.AuthenticationTest" time="0.521">
    <system-out><![CDATA[Access Denied - Invalid credentials detected
Access Denied - Invalid credentials detected
Access Denied - Invalid credentials detected
Access Denied - Invalid credentials detected
Access Denied - Invalid credentials detected
Access Denied - Invalid credentials detected
Access Denied - Invalid credentials detected
Access Denied - Invalid credentials detected
Access Denied - Invalid credentials detected
Access Denied - Invalid credentials detected
Access Denied - Invalid credentials detected
Access Denied - Invalid credentials detected
Access Denied - Invalid credentials detected
Access Denied - Invalid credentials detected
Access Denied - Invalid credentials detected
Access Denied - Invalid credentials detected
Access Denied - Invalid credentials detected
Access Denied - Invalid credentials detected
Access Denied - Invalid credentials detected
Access Denied - Invalid credentials detected
Access Denied - Invalid credentials detected
Access Denied - Invalid credentials detected

=== SALES REPORT FOR 2023-09-08 ===
Filter: COUNTER Transactions
========================================
]]></system-out>
  </testcase>
  <testcase name="get_ManagerDetails_when_loggedInAsAdmin" classname="org.example.AuthenticationTest" time="0.02">
    <system-out><![CDATA[Access Denied - Invalid credentials detected
Access Denied - Invalid credentials detected
Access Denied - Invalid credentials detected
Access Denied - Invalid credentials detected
Access Denied - Invalid credentials detected
Access Denied - Invalid credentials detected
Access Denied - Invalid credentials detected
Access Denied - Invalid credentials detected
Access Denied - Invalid credentials detected
Access Denied - Invalid credentials detected
Access Denied - Invalid credentials detected
Registration successful for customer 5 (ID: 56), Response time: 2029 ms
Registration successful for customer 9 (ID: 59), Response time: 2029 ms
]]></system-out>
  </testcase>
  <testcase name="get_StoreManagerDetails_when_loggedInAsAdmin" classname="org.example.AuthenticationTest" time="0.009">
    <system-out><![CDATA[Access Denied - Invalid credentials detected
Access Denied - Invalid credentials detected
Access Denied - Invalid credentials detected
Access Denied - Invalid credentials detected
Access Denied - Invalid credentials detected
Access Denied - Invalid credentials detected
Access Denied - Invalid credentials detected
Access Denied - Invalid credentials detected
Access Denied - Invalid credentials detected
Access Denied - Invalid credentials detected
Stress operation 500 completed, Response time: 11 msAccess Denied - Invalid credentials detected

Access Denied - Invalid credentials detected
Access Denied - Invalid credentials detected
]]></system-out>
  </testcase>
  <testcase name="get_CashierDetails_when_loggedInAsCashier" classname="org.example.AuthenticationTest" time="2.259">
    <system-out><![CDATA[Online customer registered successfully with ID: 60
Access Denied - Invalid credentials detected
Access Denied - Invalid credentials detected
Stress operation 0 completed, Response time: 302 ms
Registration successful for customer 0 (ID: 60), Response time: 2064 ms
Access Denied - Invalid credentials detected
Online customer registered successfully with ID: 54
Registration successful for customer 7 (ID: 54), Response time: 2064 ms
Online customer registered successfully with ID: 57
Online customer registered successfully with ID: 61
Registration successful for customer 8 (ID: 61), Response time: 2065 ms
Access Denied - Invalid credentials detected
Access Denied - Invalid credentials detected
Access Denied - Invalid credentials detected
Online customer registered successfully with ID: 55
Registration successful for customer 2 (ID: 57), Response time: 2066 ms
Access Denied - Invalid credentials detected
Registration successful for customer 11 (ID: 55), Response time: 2066 ms
Access Denied - Invalid credentials detected
Access Denied - Invalid credentials detected
Access Denied - Invalid credentials detected
Access Denied - Invalid credentials detected
Online customer registered successfully with ID: 53
Registration successful for customer 6 (ID: 53), Response time: 2068 ms
Online customer registered successfully with ID: 50
Access Denied - Invalid credentials detected
Access Denied - Invalid credentials detected
Online customer registered successfully with ID: 58
Registration successful for customer 1 (ID: 50), Response time: 2070 ms
Access Denied - Invalid credentials detected
Access Denied - Invalid credentials detected
Access Denied - Invalid credentials detected
Access Denied - Invalid credentials detected
Access Denied - Invalid credentials detected
Access Denied - Invalid credentials detected
Access Denied - Invalid credentials detected
Access Denied - Invalid credentials detected
Registration successful for customer 3 (ID: 58), Response time: 2074 ms
Online customer registered successfully with ID: 47
Access Denied - Invalid credentials detected
Access Denied - Invalid credentials detected
Access Denied - Invalid credentials detected
Access Denied - Invalid credentials detected
Access Denied - Invalid credentials detected
Access Denied - Invalid credentials detected
Access Denied - Invalid credentials detected
Access Denied - Invalid credentials detected
Access Denied - Invalid credentials detected
Access Denied - Invalid credentials detected
Access Denied - Invalid credentials detected
Access Denied - Invalid credentials detected
Access Denied - Invalid credentials detected
Access Denied - Invalid credentials detected
Access Denied - Invalid credentials detected
Access Denied - Invalid credentials detected
Access Denied - Invalid credentials detected
Access Denied - Invalid credentials detected
Access Denied - Invalid credentials detected
Access Denied - Invalid credentials detected
Access Denied - Invalid credentials detected
Access Denied - Invalid credentials detected
Access Denied - Invalid credentials detected
Access Denied - Invalid credentials detected
Access Denied - Invalid credentials detected
Access Denied - Invalid credentials detected
Access Denied - Invalid credentials detected
]]></system-out>
  </testcase>
  <testcase name="addItem_ValidItem_Success" classname="org.example.business.services.ItemServiceImplTest" time="2.198">
    <system-out><![CDATA[Access Denied - Invalid credentials detected
Access Denied - Invalid credentials detected
Access Denied - Invalid credentials detected
Access Denied - Invalid credentials detected
Access Denied - Invalid credentials detected
Access Denied - Invalid credentials detected
Access Denied - Invalid credentials detected
Access Denied - Invalid credentials detected
Access Denied - Invalid credentials detected
Access Denied - Invalid credentials detected
]]></system-out>
  </testcase>
</testsuite>