<?xml version="1.0" encoding="UTF-8"?>
<testsuite xmlns:xsi="http://www.w3.org/2001/XMLSchema-instance" xsi:noNamespaceSchemaLocation="https://maven.apache.org/surefire/maven-surefire-plugin/xsd/surefire-test-report-3.0.xsd" version="3.0" name="org.example.DesignPatterns.StatePatternTest" time="7.423" tests="29" errors="1" skipped="0" failures="11">
  <properties>
[...]
</properties>
  <testcase name="shouldHandleDifferentTransactionTypes(String)[2]" classname="org.example.DesignPatterns.StatePatternTest" time="0.616"/>
  <testcase name="shouldHandleDifferentTransactionTypes(String)[1]" classname="org.example.DesignPatterns.StatePatternTest" time="3.022"/>
  <testcase name="shouldHandleDifferentTransactionTypes(String)[3]" classname="org.example.DesignPatterns.StatePatternTest" time="0.004">
    <system-out><![CDATA[Checkout state changed to: Selecting Items
]]></system-out>
  </testcase>
  <testcase name="shouldHandleDifferentTransactionTypes(String)[4]" classname="org.example.DesignPatterns.StatePatternTest" time="0.005"/>
  <testcase name="shouldHandleQuantityUpdatesCorrectly" classname="org.example.DesignPatterns.StatePatternTest" time="0.028">
    <failure message="&#10;Expected size: 1 but was: 0 in:&#10;[]" type="java.lang.AssertionError"><![CDATA[java.lang.AssertionError: 

Expected size: 1 but was: 0 in:
[]
	at org.example.DesignPatterns.StatePatternTest.shouldHandleQuantityUpdatesCorrectly(StatePatternTest.java:196)
	at java.base/java.lang.reflect.Method.invoke(Method.java:565)
	at java.base/java.util.concurrent.RecursiveAction.exec(RecursiveAction.java:194)
	at java.base/java.util.concurrent.ForkJoinTask.doExec(ForkJoinTask.java:507)
	at java.base/java.util.concurrent.ForkJoinPool$WorkQueue.topLevelExec(ForkJoinPool.java:1394)
	at java.base/java.util.concurrent.ForkJoinPool.runWorker(ForkJoinPool.java:1970)
	at java.base/java.util.concurrent.ForkJoinWorkerThread.run(ForkJoinWorkerThread.java:187)
]]></failure>
    <system-out><![CDATA[Checkout state changed to: Selecting Items
]]></system-out>
    <system-err><![CDATA[Error adding item: Item not found: TEST001
Cannot process payment: No items in cart
Error adding item: Item not found: TEST001
Error adding item: Item not found: TEST001
]]></system-err>
  </testcase>
  <testcase name="shouldCalculateTotalsCorrectlyAcrossStates" classname="org.example.DesignPatterns.StatePatternTest" time="0.056">
    <failure message="&#10;expected: 31.5&#10; but was: 0.0" type="org.opentest4j.AssertionFailedError"><![CDATA[org.opentest4j.AssertionFailedError: 

expected: 31.5
 but was: 0.0
	at java.base/jdk.internal.reflect.DirectConstructorHandleAccessor.newInstance(DirectConstructorHandleAccessor.java:62)
	at java.base/java.lang.reflect.Constructor.newInstanceWithCaller(Constructor.java:499)
	at org.example.DesignPatterns.StatePatternTest.shouldCalculateTotalsCorrectlyAcrossStates(StatePatternTest.java:155)
	at java.base/java.lang.reflect.Method.invoke(Method.java:565)
	at java.base/java.util.concurrent.RecursiveAction.exec(RecursiveAction.java:194)
	at java.base/java.util.concurrent.ForkJoinTask.doExec(ForkJoinTask.java:507)
	at java.base/java.util.concurrent.ForkJoinPool$WorkQueue.topLevelExec(ForkJoinPool.java:1394)
	at java.base/java.util.concurrent.ForkJoinPool.runWorker(ForkJoinPool.java:1970)
	at java.base/java.util.concurrent.ForkJoinWorkerThread.run(ForkJoinWorkerThread.java:187)
]]></failure>
  </testcase>
  <testcase name="shouldTransitionFromPaymentPendingToBillGeneratedWhenGeneratingBill" classname="org.example.DesignPatterns.StatePatternTest" time="3.615">
    <failure message="&#10;Expecting actual:&#10;  org.example.core.state.SelectingItemsState@4f35b1e2&#10;to be an instance of:&#10;  org.example.core.state.BillGeneratedState&#10;but was instance of:&#10;  org.example.core.state.SelectingItemsState" type="java.lang.AssertionError"><![CDATA[java.lang.AssertionError: 

Expecting actual:
  org.example.core.state.SelectingItemsState@4f35b1e2
to be an instance of:
  org.example.core.state.BillGeneratedState
but was instance of:
  org.example.core.state.SelectingItemsState
	at org.example.DesignPatterns.StatePatternTest.shouldTransitionFromPaymentPendingToBillGeneratedWhenGeneratingBill(StatePatternTest.java:91)
	at java.base/java.lang.reflect.Method.invoke(Method.java:565)
	at java.base/java.util.concurrent.RecursiveAction.exec(RecursiveAction.java:194)
	at java.base/java.util.concurrent.ForkJoinTask.doExec(ForkJoinTask.java:507)
	at java.base/java.util.concurrent.ForkJoinPool$WorkQueue.topLevelExec(ForkJoinPool.java:1394)
	at java.base/java.util.concurrent.ForkJoinPool.runWorker(ForkJoinPool.java:1970)
	at java.base/java.util.concurrent.ForkJoinWorkerThread.run(ForkJoinWorkerThread.java:187)
]]></failure>
  </testcase>
  <testcase name="shouldTransitionFromSelectingItemsToPaymentPendingWhenItemsExist" classname="org.example.DesignPatterns.StatePatternTest" time="0.045">
    <failure message="&#10;Expecting actual:&#10;  org.example.core.state.SelectingItemsState@754faf43&#10;to be an instance of:&#10;  org.example.core.state.PaymentPendingState&#10;but was instance of:&#10;  org.example.core.state.SelectingItemsState" type="java.lang.AssertionError"><![CDATA[java.lang.AssertionError: 

Expecting actual:
  org.example.core.state.SelectingItemsState@754faf43
to be an instance of:
  org.example.core.state.PaymentPendingState
but was instance of:
  org.example.core.state.SelectingItemsState
	at org.example.DesignPatterns.StatePatternTest.shouldTransitionFromSelectingItemsToPaymentPendingWhenItemsExist(StatePatternTest.java:71)
	at java.base/java.lang.reflect.Method.invoke(Method.java:565)
	at java.base/java.util.concurrent.RecursiveAction.exec(RecursiveAction.java:194)
	at java.base/java.util.concurrent.ForkJoinTask.doExec(ForkJoinTask.java:507)
	at java.base/java.util.concurrent.ForkJoinPool$WorkQueue.topLevelExec(ForkJoinPool.java:1394)
	at java.base/java.util.concurrent.ForkJoinPool.runWorker(ForkJoinPool.java:1970)
	at java.base/java.util.concurrent.ForkJoinWorkerThread.run(ForkJoinWorkerThread.java:187)
]]></failure>
  </testcase>
  <testcase name="shouldPreventInvalidOperationsInWrongStates" classname="org.example.DesignPatterns.StatePatternTest" time="0.056">
    <failure message="&#10;Expecting actual:&#10;  org.example.core.state.SelectingItemsState@54dbb445&#10;to be an instance of:&#10;  org.example.core.state.BillGeneratedState&#10;but was instance of:&#10;  org.example.core.state.SelectingItemsState" type="java.lang.AssertionError"><![CDATA[java.lang.AssertionError: 

Expecting actual:
  org.example.core.state.SelectingItemsState@54dbb445
to be an instance of:
  org.example.core.state.BillGeneratedState
but was instance of:
  org.example.core.state.SelectingItemsState
	at org.example.DesignPatterns.StatePatternTest.shouldPreventInvalidOperationsInWrongStates(StatePatternTest.java:134)
	at java.base/java.lang.reflect.Method.invoke(Method.java:565)
	at java.base/java.util.concurrent.RecursiveAction.exec(RecursiveAction.java:194)
	at java.base/java.util.concurrent.ForkJoinTask.doExec(ForkJoinTask.java:507)
	at java.base/java.util.concurrent.ForkJoinPool$WorkQueue.tryRemoveAndExec(ForkJoinPool.java:1434)
	at java.base/java.util.concurrent.ForkJoinPool.helpJoin(ForkJoinPool.java:2197)
	at java.base/java.util.concurrent.ForkJoinTask.awaitDone(ForkJoinTask.java:495)
	at java.base/java.util.concurrent.ForkJoinTask.join(ForkJoinTask.java:662)
	at java.base/java.util.concurrent.RecursiveAction.exec(RecursiveAction.java:194)
	at java.base/java.util.concurrent.ForkJoinTask.doExec(ForkJoinTask.java:507)
	at java.base/java.util.concurrent.ForkJoinPool$WorkQueue.topLevelExec(ForkJoinPool.java:1394)
	at java.base/java.util.concurrent.ForkJoinPool.runWorker(ForkJoinPool.java:1970)
	at java.base/java.util.concurrent.ForkJoinWorkerThread.run(ForkJoinWorkerThread.java:187)
]]></failure>
  </testcase>
  <testcase name="shouldHandleStateTransitionsCorrectlyForOnlineTransactions" classname="org.example.DesignPatterns.StatePatternTest" time="3.117">
    <failure message="&#10;Expecting actual:&#10;  org.example.core.state.SelectingItemsState@621ec3bb&#10;to be an instance of:&#10;  org.example.core.state.PaymentPendingState&#10;but was instance of:&#10;  org.example.core.state.SelectingItemsState" type="java.lang.AssertionError"><![CDATA[java.lang.AssertionError: 

Expecting actual:
  org.example.core.state.SelectingItemsState@621ec3bb
to be an instance of:
  org.example.core.state.PaymentPendingState
but was instance of:
  org.example.core.state.SelectingItemsState
	at org.example.DesignPatterns.StatePatternTest.shouldHandleStateTransitionsCorrectlyForOnlineTransactions(StatePatternTest.java:112)
	at java.base/java.lang.reflect.Method.invoke(Method.java:565)
	at java.base/java.util.concurrent.RecursiveAction.exec(RecursiveAction.java:194)
	at java.base/java.util.concurrent.ForkJoinTask.doExec(ForkJoinTask.java:507)
	at java.base/java.util.concurrent.ForkJoinPool$WorkQueue.topLevelExec(ForkJoinPool.java:1394)
	at java.base/java.util.concurrent.ForkJoinPool.runWorker(ForkJoinPool.java:1970)
	at java.base/java.util.concurrent.ForkJoinWorkerThread.run(ForkJoinWorkerThread.java:187)
]]></failure>
  </testcase>
  <testcase name="shouldHandleBillGenerationWithCustomerDetails" classname="org.example.DesignPatterns.StatePatternTest" time="0.013">
    <failure message="&#10;Expecting actual:&#10;  org.example.core.state.SelectingItemsState@29a337ef&#10;to be an instance of:&#10;  org.example.core.state.BillGeneratedState&#10;but was instance of:&#10;  org.example.core.state.SelectingItemsState" type="java.lang.AssertionError"><![CDATA[java.lang.AssertionError: 

Expecting actual:
  org.example.core.state.SelectingItemsState@29a337ef
to be an instance of:
  org.example.core.state.BillGeneratedState
but was instance of:
  org.example.core.state.SelectingItemsState
	at org.example.DesignPatterns.StatePatternTest.shouldHandleBillGenerationWithCustomerDetails(StatePatternTest.java:305)
	at java.base/java.lang.reflect.Method.invoke(Method.java:565)
	at java.base/java.util.concurrent.RecursiveAction.exec(RecursiveAction.java:194)
	at java.base/java.util.concurrent.ForkJoinTask.doExec(ForkJoinTask.java:507)
	at java.base/java.util.concurrent.ForkJoinPool$WorkQueue.tryRemoveAndExec(ForkJoinPool.java:1434)
	at java.base/java.util.concurrent.ForkJoinPool.helpJoin(ForkJoinPool.java:2197)
	at java.base/java.util.concurrent.ForkJoinTask.awaitDone(ForkJoinTask.java:495)
	at java.base/java.util.concurrent.ForkJoinTask.join(ForkJoinTask.java:662)
	at java.base/java.util.concurrent.RecursiveAction.exec(RecursiveAction.java:194)
	at java.base/java.util.concurrent.ForkJoinTask.doExec(ForkJoinTask.java:507)
	at java.base/java.util.concurrent.ForkJoinPool$WorkQueue.topLevelExec(ForkJoinPool.java:1394)
	at java.base/java.util.concurrent.ForkJoinPool.runWorker(ForkJoinPool.java:1970)
	at java.base/java.util.concurrent.ForkJoinWorkerThread.run(ForkJoinWorkerThread.java:187)
]]></failure>
    <system-out><![CDATA[Checkout state changed to: Selecting Items
Checkout state changed to: Selecting Items
Checkout state changed to: Selecting Items
Checkout state changed to: Selecting Items
]]></system-out>
    <system-err><![CDATA[Error adding item: Item not found: TEST001
Error adding item: Item not found: TEST001
Error adding item: Item not found: TEST001
Cannot process payment: No items in cart
Cannot process payment: No items in cart
Cannot process payment: No items in cart
Cannot generate bill: Payment not processed yet
]]></system-err>
  </testcase>
  <testcase name="shouldMaintainStateConsistencyDuringOperations" classname="org.example.DesignPatterns.StatePatternTest" time="0.013">
    <failure message="&#10;Expecting actual:&#10;  org.example.core.state.SelectingItemsState@2c3dfcff&#10;to be an instance of:&#10;  org.example.core.state.PaymentPendingState&#10;but was instance of:&#10;  org.example.core.state.SelectingItemsState" type="java.lang.AssertionError"><![CDATA[java.lang.AssertionError: 

Expecting actual:
  org.example.core.state.SelectingItemsState@2c3dfcff
to be an instance of:
  org.example.core.state.PaymentPendingState
but was instance of:
  org.example.core.state.SelectingItemsState
	at org.example.DesignPatterns.StatePatternTest.shouldMaintainStateConsistencyDuringOperations(StatePatternTest.java:250)
	at java.base/java.lang.reflect.Method.invoke(Method.java:565)
	at java.base/java.util.concurrent.RecursiveAction.exec(RecursiveAction.java:194)
	at java.base/java.util.concurrent.ForkJoinTask.doExec(ForkJoinTask.java:507)
	at java.base/java.util.concurrent.ForkJoinPool$WorkQueue.topLevelExec(ForkJoinPool.java:1394)
	at java.base/java.util.concurrent.ForkJoinPool.runWorker(ForkJoinPool.java:1970)
	at java.base/java.util.concurrent.ForkJoinWorkerThread.run(ForkJoinWorkerThread.java:187)
]]></failure>
  </testcase>
  <testcase name="shouldDemonstratePolymorphicStateBehavior" classname="org.example.DesignPatterns.StatePatternTest" time="0.037">
    <failure message="&#10;expected: &quot;Payment Pending&quot;&#10; but was: &quot;Selecting Items&quot;" type="org.opentest4j.AssertionFailedError"><![CDATA[org.opentest4j.AssertionFailedError: 

expected: "Payment Pending"
 but was: "Selecting Items"
	at java.base/jdk.internal.reflect.DirectConstructorHandleAccessor.newInstance(DirectConstructorHandleAccessor.java:62)
	at java.base/java.lang.reflect.Constructor.newInstanceWithCaller(Constructor.java:499)
	at org.example.DesignPatterns.StatePatternTest.shouldDemonstratePolymorphicStateBehavior(StatePatternTest.java:331)
	at java.base/java.lang.reflect.Method.invoke(Method.java:565)
	at java.base/java.util.concurrent.RecursiveAction.exec(RecursiveAction.java:194)
	at java.base/java.util.concurrent.ForkJoinTask.doExec(ForkJoinTask.java:507)
	at java.base/java.util.concurrent.ForkJoinPool$WorkQueue.topLevelExec(ForkJoinPool.java:1394)
	at java.base/java.util.concurrent.ForkJoinPool.runWorker(ForkJoinPool.java:1970)
	at java.base/java.util.concurrent.ForkJoinWorkerThread.run(ForkJoinWorkerThread.java:187)
]]></failure>
    <system-out><![CDATA[Checkout state changed to: Selecting Items
]]></system-out>
    <system-err><![CDATA[Error adding item: Item not found: NONEXISTENT
Error adding item: Item not found: TEST001
]]></system-err>
  </testcase>
  <testcase name="shouldHandleChangeCalculationCorrectly" classname="org.example.DesignPatterns.StatePatternTest" time="0.094">
    <error message="&#10;Unnecessary stubbings detected.&#10;Clean &amp; maintainable test code requires zero unnecessary code.&#10;Following stubbings are unnecessary (click to navigate to relevant line of code):&#10;  1. -&gt; at org.example.DesignPatterns.StatePatternTest.shouldHandleChangeCalculationCorrectly(StatePatternTest.java:262)&#10;Please remove unnecessary stubbings or use &apos;lenient&apos; strictness. More info: javadoc for UnnecessaryStubbingException class." type="org.mockito.exceptions.misusing.UnnecessaryStubbingException"><![CDATA[org.mockito.exceptions.misusing.UnnecessaryStubbingException: 

Unnecessary stubbings detected.
Clean & maintainable test code requires zero unnecessary code.
Following stubbings are unnecessary (click to navigate to relevant line of code):
  1. -> at org.example.DesignPatterns.StatePatternTest.shouldHandleChangeCalculationCorrectly(StatePatternTest.java:262)
Please remove unnecessary stubbings or use 'lenient' strictness. More info: javadoc for UnnecessaryStubbingException class.
	at org.mockito.junit.jupiter.MockitoExtension.afterEach(MockitoExtension.java:186)
	at java.base/java.util.concurrent.RecursiveAction.exec(RecursiveAction.java:194)
	at java.base/java.util.concurrent.ForkJoinTask.doExec(ForkJoinTask.java:507)
	at java.base/java.util.concurrent.ForkJoinPool.helpJoin(ForkJoinPool.java:2253)
	at java.base/java.util.concurrent.ForkJoinTask.awaitDone(ForkJoinTask.java:495)
	at java.base/java.util.concurrent.ForkJoinTask.join(ForkJoinTask.java:662)
	at java.base/java.util.concurrent.RecursiveAction.exec(RecursiveAction.java:194)
	at java.base/java.util.concurrent.ForkJoinTask.doExec(ForkJoinTask.java:507)
	at java.base/java.util.concurrent.ForkJoinPool$WorkQueue.topLevelExec(ForkJoinPool.java:1394)
	at java.base/java.util.concurrent.ForkJoinPool.runWorker(ForkJoinPool.java:1970)
	at java.base/java.util.concurrent.ForkJoinWorkerThread.run(ForkJoinWorkerThread.java:187)
]]></error>
  </testcase>
  <testcase name="shouldHandleItemRemovalCorrectly" classname="org.example.DesignPatterns.StatePatternTest" time="0.052">
    <failure message="&#10;Expecting value to be true but was false" type="org.opentest4j.AssertionFailedError"><![CDATA[org.opentest4j.AssertionFailedError: 

Expecting value to be true but was false
	at java.base/jdk.internal.reflect.DirectConstructorHandleAccessor.newInstance(DirectConstructorHandleAccessor.java:62)
	at java.base/java.lang.reflect.Constructor.newInstanceWithCaller(Constructor.java:499)
	at org.example.DesignPatterns.StatePatternTest.shouldHandleItemRemovalCorrectly(StatePatternTest.java:170)
	at java.base/java.lang.reflect.Method.invoke(Method.java:565)
	at java.base/java.util.concurrent.RecursiveAction.exec(RecursiveAction.java:194)
	at java.base/java.util.concurrent.ForkJoinTask.doExec(ForkJoinTask.java:507)
	at java.base/java.util.concurrent.ForkJoinPool$WorkQueue.tryRemoveAndExec(ForkJoinPool.java:1434)
	at java.base/java.util.concurrent.ForkJoinPool.helpJoin(ForkJoinPool.java:2197)
	at java.base/java.util.concurrent.ForkJoinTask.awaitDone(ForkJoinTask.java:495)
	at java.base/java.util.concurrent.ForkJoinTask.join(ForkJoinTask.java:662)
	at java.base/java.util.concurrent.RecursiveAction.exec(RecursiveAction.java:194)
	at java.base/java.util.concurrent.ForkJoinTask.doExec(ForkJoinTask.java:507)
	at java.base/java.util.concurrent.ForkJoinPool$WorkQueue.topLevelExec(ForkJoinPool.java:1394)
	at java.base/java.util.concurrent.ForkJoinPool.runWorker(ForkJoinPool.java:1970)
	at java.base/java.util.concurrent.ForkJoinWorkerThread.run(ForkJoinWorkerThread.java:187)
]]></failure>
  </testcase>
  <testcase name="shouldHandleItemNotFoundScenario" classname="org.example.DesignPatterns.StatePatternTest" time="0.068">
    <failure message="&#10;Expecting code to raise a throwable." type="java.lang.AssertionError"><![CDATA[java.lang.AssertionError: 

Expecting code to raise a throwable.
	at org.example.DesignPatterns.StatePatternTest.shouldHandleItemNotFoundScenario(StatePatternTest.java:212)
	at java.base/java.lang.reflect.Method.invoke(Method.java:565)
	at java.base/java.util.concurrent.RecursiveAction.exec(RecursiveAction.java:194)
	at java.base/java.util.concurrent.ForkJoinTask.doExec(ForkJoinTask.java:507)
	at java.base/java.util.concurrent.ForkJoinPool$WorkQueue.topLevelExec(ForkJoinPool.java:1394)
	at java.base/java.util.concurrent.ForkJoinPool.runWorker(ForkJoinPool.java:1970)
	at java.base/java.util.concurrent.ForkJoinWorkerThread.run(ForkJoinWorkerThread.java:187)
]]></failure>
  </testcase>
  <testcase name="shouldThrowExceptionWhenBuildingBillWithoutItems" classname="org.example.DesignPatterns.BuilderPatternTest" time="0.004">
    <system-out><![CDATA[Checkout state changed to: Selecting Items
Checkout state changed to: Selecting Items
Checkout state changed to: Selecting Items
]]></system-out>
  </testcase>
  <testcase name="shouldAllowCustomBillDate" classname="org.example.DesignPatterns.BuilderPatternTest" time="0.006"/>
  <testcase name="shouldHandleLargeNumbersCorrectly" classname="org.example.DesignPatterns.BuilderPatternTest" time="0.001"/>
  <testcase name="shouldAddBillItemDTODirectly" classname="org.example.DesignPatterns.BuilderPatternTest" time="0.001"/>
  <testcase name="shouldBuildBillWithFluentInterfaceChaining" classname="org.example.DesignPatterns.BuilderPatternTest" time="0.002"/>
  <testcase name="shouldCalculateTotalsAutomaticallyWhenBuilding" classname="org.example.DesignPatterns.BuilderPatternTest" time="0.001">
    <system-out><![CDATA[Checkout state changed to: Selecting Items
Checkout state changed to: Selecting Items
]]></system-out>
  </testcase>
  <testcase name="shouldHandleZeroQuantityItemsCorrectly" classname="org.example.DesignPatterns.BuilderPatternTest" time="0.001"/>
  <testcase name="shouldCreateInStoreBillWithConvenienceMethod" classname="org.example.DesignPatterns.BuilderPatternTest" time="0.003">
    <system-err><![CDATA[Error adding item: Item not found: TEST001
Error adding item: Item not found: TEST001
Cannot process payment: No items in cart
Cannot generate bill: Payment not processed yet
]]></system-err>
  </testcase>
  <testcase name="shouldHandleMultipleItemsWithDifferentQuantities" classname="org.example.DesignPatterns.BuilderPatternTest" time="0.003">
    <system-out><![CDATA[Checkout state changed to: Selecting Items
]]></system-out>
  </testcase>
  <testcase name="shouldCreateOnlineBillWithConvenienceMethod" classname="org.example.DesignPatterns.BuilderPatternTest" time="0.002"/>
  <testcase name="shouldThrowExceptionWhenBuildingBillWithoutInvoiceNumber" classname="org.example.DesignPatterns.BuilderPatternTest" time="0.005"/>
  <testcase name="shouldHandleDecimalPrecisionCorrectly" classname="org.example.DesignPatterns.BuilderPatternTest" time="0.014">
    <system-err><![CDATA[Error adding item: Item not found: TEST001
Cannot process payment: No items in cart
]]></system-err>
  </testcase>
  <testcase name="shouldSetCurrentDateAsDefaultBillDate" classname="org.example.DesignPatterns.BuilderPatternTest" time="0.002">
    <system-out><![CDATA[Checkout state changed to: Selecting Items
]]></system-out>
  </testcase>
</testsuite>