<?xml version="1.0" encoding="UTF-8"?>
<testsuite xmlns:xsi="http://www.w3.org/2001/XMLSchema-instance" xsi:noNamespaceSchemaLocation="https://maven.apache.org/surefire/maven-surefire-plugin/xsd/surefire-test-report-3.0.xsd" version="3.0" name="org.example.business.validators.ReportValidatorTest" time="0.504" tests="19" errors="0" skipped="0" failures="0">
  <properties>
[...]
</properties>
  <testcase name="createBill_ZeroAmounts_CreatesSuccessfully" classname="org.example.persistence.models.ModelEdgeCasesTest$BillEdgeCaseTests" time="0.297">
    <system-out><![CDATA[
=== CONCURRENT ONLINE CUSTOMER REGISTRATION TEST ===
============================================================
STARTING: 50 Concurrent User Login Test
============================================================
Testing 50 concurrent online customer registrations...
All login threads prepared. Starting concurrent execution...
🔑 User 49 logged in successfully (Response time: 64ms)
🔑 User 18 logged in successfully (Response time: 62ms)
🔑 User 36 logged in successfully (Response time: 60ms)
🔑 User 17 logged in successfully (Response time: 56ms)
🔑 User 46 logged in successfully (Response time: 63ms)
🔑 User 19 logged in successfully (Response time: 65ms)
🔑 User 24 logged in successfully (Response time: 69ms)
🔑 User 13 logged in successfully (Response time: 70ms)
🔑 User 11 logged in successfully (Response time: 75ms)
🔑 User 32 logged in successfully (Response time: 73ms)
🔑 User 34 logged in successfully (Response time: 73ms)
🔑 User 30 logged in successfully (Response time: 77ms)
🔑 User 8 logged in successfully (Response time: 79ms)
🔑 User 6 logged in successfully (Response time: 80ms)
🔑 User 50 logged in successfully (Response time: 86ms)
🔑 User 48 logged in successfully (Response time: 86ms)
🔑 User 22 logged in successfully (Response time: 88ms)
🔑 User 38 logged in successfully (Response time: 88ms)
🔑 User 1 logged in successfully (Response time: 92ms)
🔑 User 9 logged in successfully (Response time: 92ms)
🔑 User 43 logged in successfully (Response time: 92ms)
🔑 User 21 logged in successfully (Response time: 95ms)
🔑 User 33 logged in successfully (Response time: 95ms)
🔑 User 39 logged in successfully (Response time: 95ms)
🔑 User 5 logged in successfully (Response time: 98ms)
🔑 User 47 logged in successfully (Response time: 96ms)
🔑 User 29 logged in successfully (Response time: 98ms)
🔑 User 15 logged in successfully (Response time: 100ms)
🔑 User 20 logged in successfully (Response time: 100ms)
🔑 User 41 logged in successfully (Response time: 101ms)
🔑 User 12 logged in successfully (Response time: 102ms)
🔑 User 3 logged in successfully (Response time: 104ms)
🔑 User 16 logged in successfully (Response time: 104ms)
🔑 User 35 logged in successfully (Response time: 103ms)
🔑 User 23 logged in successfully (Response time: 105ms)
🔑 User 10 logged in successfully (Response time: 108ms)
🔑 User 45 logged in successfully (Response time: 106ms)
🔑 User 31 logged in successfully (Response time: 107ms)
🔑 User 14 logged in successfully (Response time: 110ms)
🔑 User 42 logged in successfully (Response time: 111ms)
🔑 User 4 logged in successfully (Response time: 113ms)
🔑 User 25 logged in successfully (Response time: 112ms)
🔑 User 7 logged in successfully (Response time: 114ms)
🔑 User 40 logged in successfully (Response time: 112ms)
🔑 User 2 logged in successfully (Response time: 115ms)
]]></system-out>
  </testcase>
  <testcase name="createBill_HighDiscount_CreatesSuccessfully" classname="org.example.persistence.models.ModelEdgeCasesTest$BillEdgeCaseTests" time="0.002">
    <system-out><![CDATA[🔑 User 27 logged in successfully (Response time: 116ms)
]]></system-out>
  </testcase>
  <testcase name="createBill_ExcessCashTendered_CreatesSuccessfully" classname="org.example.persistence.models.ModelEdgeCasesTest$BillEdgeCaseTests" time="0.002">
    <system-out><![CDATA[🔑 User 26 logged in successfully (Response time: 119ms)
]]></system-out>
  </testcase>
  <testcase name="createBill_VeryLongInvoiceNumber_CreatesSuccessfully" classname="org.example.persistence.models.ModelEdgeCasesTest$BillEdgeCaseTests" time="0.001"/>
  <testcase name="createBill_WithTransactionAndStoreType_CreatesSuccessfully" classname="org.example.persistence.models.ModelEdgeCasesTest$BillEdgeCaseTests" time="0.003">
    <system-out><![CDATA[🔑 User 28 logged in successfully (Response time: 125ms)
🔑 User 44 logged in successfully (Response time: 124ms)
]]></system-out>
  </testcase>
  <testcase name="isValidAddress_ValidAddresses_ReturnsTrue" classname="org.example.business.validators.CustomerValidatorTest$AddressValidationTests" time="0.297"/>
  <testcase name="isValidAddress_InvalidAddresses_ReturnsFalse" classname="org.example.business.validators.CustomerValidatorTest$AddressValidationTests" time="0.006"/>
  <testcase name="isValidAddress_ExceedsLength_ReturnsFalse" classname="org.example.business.validators.CustomerValidatorTest$AddressValidationTests" time="0.002"/>
  <testcase name="isValidTransactionType_ValidTypes_ReturnsTrue" classname="org.example.business.validators.TransactionValidatorTest" time="0.298"/>
  <testcase name="isValidTransactionType_InvalidTypes_ReturnsFalse" classname="org.example.business.validators.TransactionValidatorTest" time="0.007"/>
  <testcase name="isValidStoreType_CounterTransaction_ValidatesCorrectly" classname="org.example.business.validators.TransactionValidatorTest" time="0.002"/>
  <testcase name="isValidStoreType_OnlineTransaction_ValidatesCorrectly" classname="org.example.business.validators.TransactionValidatorTest" time="0.001"/>
  <testcase name="isValidStoreType_InvalidStoreType_ReturnsFalse" classname="org.example.business.validators.TransactionValidatorTest" time="0.001"/>
  <testcase name="isValidStoreType_InvalidTransactionType_ReturnsFalse" classname="org.example.business.validators.TransactionValidatorTest" time="0.002"/>
  <testcase name="resolve_ItemService_CreatesSingleton" classname="org.example.core.di.DIContainerTest" time="0.297"/>
  <testcase name="isValidReportTransactionType_ValidTypes_ReturnsTrue" classname="org.example.business.validators.ReportValidatorTest" time="0.298"/>
  <testcase name="isValidReportTransactionType_InvalidTypes_ReturnsFalse" classname="org.example.business.validators.ReportValidatorTest" time="0.007"/>
  <testcase name="isValidReportStoreType_ValidTypes_ReturnsTrue" classname="org.example.business.validators.ReportValidatorTest" time="0.001">
    <system-out><![CDATA[🔑 User 37 logged in successfully (Response time: 123ms)
]]></system-out>
  </testcase>
  <testcase name="isValidReportStoreType_InvalidTypes_ReturnsFalse" classname="org.example.business.validators.ReportValidatorTest" time="0.002"/>
</testsuite>