<?xml version="1.0" encoding="UTF-8"?>
<testsuite xmlns:xsi="http://www.w3.org/2001/XMLSchema-instance" xsi:noNamespaceSchemaLocation="https://maven.apache.org/surefire/maven-surefire-plugin/xsd/surefire-test-report-3.0.xsd" version="3.0" name="org.example.ConcurrencyTests.OnlineCustomerConcurrencyTest" time="5.377" tests="2" errors="0" skipped="0" failures="2">
  <properties>
[...]
</properties>
  <testcase name="testConcurrentOnlineOrderProcessing" classname="org.example.ConcurrencyTests.OnlineCustomerConcurrencyTest" time="2.643">
    <failure message="At least 50% of online orders should be processed successfully. Success: 4 ==&gt; expected: &lt;true&gt; but was: &lt;false&gt;" type="org.opentest4j.AssertionFailedError"><![CDATA[org.opentest4j.AssertionFailedError: At least 50% of online orders should be processed successfully. Success: 4 ==> expected: <true> but was: <false>
	at org.junit.jupiter.api.AssertionFailureBuilder.build(AssertionFailureBuilder.java:151)
	at org.junit.jupiter.api.AssertionFailureBuilder.buildAndThrow(AssertionFailureBuilder.java:132)
	at org.junit.jupiter.api.AssertTrue.failNotTrue(AssertTrue.java:63)
	at org.junit.jupiter.api.AssertTrue.assertTrue(AssertTrue.java:36)
	at org.junit.jupiter.api.Assertions.assertTrue(Assertions.java:214)
	at org.example.ConcurrencyTests.OnlineCustomerConcurrencyTest.testConcurrentOnlineOrderProcessing(OnlineCustomerConcurrencyTest.java:259)
	at java.base/java.lang.reflect.Method.invoke(Method.java:565)
	at java.base/java.util.concurrent.RecursiveAction.exec(RecursiveAction.java:194)
	at java.base/java.util.concurrent.ForkJoinTask.doExec(ForkJoinTask.java:507)
	at java.base/java.util.concurrent.ForkJoinPool$WorkQueue.topLevelExec(ForkJoinPool.java:1394)
	at java.base/java.util.concurrent.ForkJoinPool.runWorker(ForkJoinPool.java:1970)
	at java.base/java.util.concurrent.ForkJoinWorkerThread.run(ForkJoinWorkerThread.java:187)
]]></failure>
    <system-out><![CDATA[Access Denied - Invalid credentials detected
Access Denied - Invalid credentials detected

=== DATABASE CONNECTION POOL TEST ===
Testing 200 concurrent database operations...
Access Denied - Invalid credentials detected
Access Denied - Invalid credentials detected
Access Denied - Invalid credentials detected
Access Denied - Invalid credentials detected
Access Denied - Invalid credentials detected
Access Denied - Invalid credentials detected
Access Denied - Invalid credentials detected
DB Operation 100 completed, Response time: 7 ms
DB Operation 0 completed, Response time: 17 ms
DB Operation 125 completed, Response time: 5 ms
Access Denied - Invalid credentials detected
Access Denied - Invalid credentials detected
Access Denied - Invalid credentials detected
Access Denied - Invalid credentials detected
Access Denied - Invalid credentials detected
Access Denied - Invalid credentials detected
Access Denied - Invalid credentials detected
Access Denied - Invalid credentials detected
Access Denied - Invalid credentials detected
Access Denied - Invalid credentials detected
Access Denied - Invalid credentials detected
Access Denied - Invalid credentials detected
Access Denied - Invalid credentials detected
Access Denied - Invalid credentials detected
Access Denied - Invalid credentials detected
DB Operation 150 completed, Response time: 4 ms
DB Operation 25 completed, Response time: 7 ms
Access Denied - Invalid credentials detected
Access Denied - Invalid credentials detected
Access Denied - Invalid credentials detected
Access Denied - Invalid credentials detected
Access Denied - Invalid credentials detected
Access Denied - Invalid credentials detected
Access Denied - Invalid credentials detected
DB Operation 50 completed, Response time: 4 ms
Access Denied - Invalid credentials detected
Customer added successfully: LoadTestUser_1767953986657
Access Denied - Invalid credentials detected
Access Denied - Invalid credentials detected
Access Denied - Invalid credentials detected
Access Denied - Invalid credentials detected
Access Denied - Invalid credentials detected
Access Denied - Invalid credentials detected
Access Denied - Invalid credentials detected
Access Denied - Invalid credentials detected
Access Denied - Invalid credentials detected
Customer added successfully: LoadTestUser_1767953987660
Online order processed successfully. Order ID: 60
Customer 26 order processed (Bill ID: 60), Response time: 569 ms
Error processing online order: Duplicate entry 'INV-39837' for key 'bill.invoiceNumber'
Error processing online order: Duplicate entry 'INV-39837' for key 'bill.invoiceNumber'
Error processing online order: Duplicate entry 'INV-39837' for key 'bill.invoiceNumber'
Error processing online order: Duplicate entry 'INV-39837' for key 'bill.invoiceNumber'
Error processing online order: Duplicate entry 'INV-39837' for key 'bill.invoiceNumber'
Order processing error for customer 25: Duplicate entry 'INV-39837' for key 'bill.invoiceNumber'
Order processing error for customer 22: Duplicate entry 'INV-39837' for key 'bill.invoiceNumber'
Order processing error for customer 23: Duplicate entry 'INV-39837' for key 'bill.invoiceNumber'
Order processing error for customer 27: Duplicate entry 'INV-39837' for key 'bill.invoiceNumber'
Order processing error for customer 24: Duplicate entry 'INV-39837' for key 'bill.invoiceNumber'

============================================================
CONCURRENT ONLINE ORDER PROCESSING TEST RESULTS
============================================================
Test Completed: YES
Total Time: 2578 ms (2.58 seconds)
Total Operations: 30
Successful Operations: 4
Failed Operations: 26
Success Rate: 13.33%
Average Response Time: 648.00 ms
Throughput: 1.55 operations/second
============================================================

Online customer registered successfully with ID: 116
Mixed activity 52 (register) completed, ID: 116
Error processing online order: Cannot add or update a child row: a foreign key constraint fails (`syos`.`billitem`, CONSTRAINT `billitem_ibfk_1` FOREIGN KEY (`item_id`) REFERENCES `items` (`id`))
Error processing online order: Cannot add or update a child row: a foreign key constraint fails (`syos`.`billitem`, CONSTRAINT `billitem_ibfk_1` FOREIGN KEY (`item_id`) REFERENCES `items` (`id`))
Mixed activity error for customer 47: Cannot add or update a child row: a foreign key constraint fails (`syos`.`billitem`, CONSTRAINT `billitem_ibfk_1` FOREIGN KEY (`item_id`) REFERENCES `items` (`id`))
Mixed activity error for customer 59: Cannot add or update a child row: a foreign key constraint fails (`syos`.`billitem`, CONSTRAINT `billitem_ibfk_1` FOREIGN KEY (`item_id`) REFERENCES `items` (`id`))

============================================================
MIXED ONLINE CUSTOMER ACTIVITIES TEST RESULTS
============================================================
Test Completed: YES
Total Time: 2483 ms (2.48 seconds)
Total Operations: 60
Successful Operations: 40
Failed Operations: 20
Success Rate: 66.67%
Average Response Time: 36.00 ms
Throughput: 16.11 operations/second
============================================================

Access Denied - Invalid credentials detected
Access Denied - Invalid credentials detected
Access Denied - Invalid credentials detected
]]></system-out>
  </testcase>
  <testcase name="testMixedOnlineCustomerActivities" classname="org.example.ConcurrencyTests.OnlineCustomerConcurrencyTest" time="2.536">
    <failure message="At least 70% of mixed online activities should succeed. Success: 40 ==&gt; expected: &lt;true&gt; but was: &lt;false&gt;" type="org.opentest4j.AssertionFailedError"><![CDATA[org.opentest4j.AssertionFailedError: At least 70% of mixed online activities should succeed. Success: 40 ==> expected: <true> but was: <false>
	at org.junit.jupiter.api.AssertionFailureBuilder.build(AssertionFailureBuilder.java:151)
	at org.junit.jupiter.api.AssertionFailureBuilder.buildAndThrow(AssertionFailureBuilder.java:132)
	at org.junit.jupiter.api.AssertTrue.failNotTrue(AssertTrue.java:63)
	at org.junit.jupiter.api.AssertTrue.assertTrue(AssertTrue.java:36)
	at org.junit.jupiter.api.Assertions.assertTrue(Assertions.java:214)
	at org.example.ConcurrencyTests.OnlineCustomerConcurrencyTest.testMixedOnlineCustomerActivities(OnlineCustomerConcurrencyTest.java:365)
	at java.base/java.lang.reflect.Method.invoke(Method.java:565)
	at java.base/java.util.concurrent.RecursiveAction.exec(RecursiveAction.java:194)
	at java.base/java.util.concurrent.ForkJoinTask.doExec(ForkJoinTask.java:507)
	at java.base/java.util.concurrent.ForkJoinPool$WorkQueue.tryRemoveAndExec(ForkJoinPool.java:1434)
	at java.base/java.util.concurrent.ForkJoinPool.helpJoin(ForkJoinPool.java:2197)
	at java.base/java.util.concurrent.ForkJoinTask.awaitDone(ForkJoinTask.java:495)
	at java.base/java.util.concurrent.ForkJoinTask.join(ForkJoinTask.java:662)
	at java.base/java.util.concurrent.RecursiveAction.exec(RecursiveAction.java:194)
	at java.base/java.util.concurrent.ForkJoinTask.doExec(ForkJoinTask.java:507)
	at java.base/java.util.concurrent.ForkJoinPool$WorkQueue.topLevelExec(ForkJoinPool.java:1394)
	at java.base/java.util.concurrent.ForkJoinPool.runWorker(ForkJoinPool.java:1970)
	at java.base/java.util.concurrent.ForkJoinWorkerThread.run(ForkJoinWorkerThread.java:187)
]]></failure>
  </testcase>
</testsuite>