<?xml version="1.0" encoding="UTF-8"?>
<testsuite xmlns:xsi="http://www.w3.org/2001/XMLSchema-instance" xsi:noNamespaceSchemaLocation="https://maven.apache.org/surefire/maven-surefire-plugin/xsd/surefire-test-report-3.0.xsd" version="3.0" name="org.example.persistence.models.ModelEdgeCasesTest$ItemEdgeCaseTests" time="0.015" tests="7" errors="0" skipped="0" failures="0">
  <properties>
[...]
</properties>
  <testcase name="createItem_VeryLongName_CreatesSuccessfully" classname="org.example.persistence.models.ModelEdgeCasesTest$ItemEdgeCaseTests" time="0.001"/>
  <testcase name="createItem_SpecialCharactersInCode_CreatesSuccessfully" classname="org.example.persistence.models.ModelEdgeCasesTest$ItemEdgeCaseTests" time="0.001"/>
  <testcase name="createItem_VeryHighPrice_CreatesSuccessfully" classname="org.example.persistence.models.ModelEdgeCasesTest$ItemEdgeCaseTests" time="0.003"/>
  <testcase name="setPrice_NegativeValue_SetsSuccessfully" classname="org.example.persistence.models.ModelEdgeCasesTest$ItemEdgeCaseTests" time="0.001"/>
  <testcase name="validateOnlineCustomerData_ValidData_PassesValidation" classname="org.example.business.validators.CustomerValidatorTest$OnlineCustomerDataValidationTests" time="0.002"/>
  <testcase name="validateOnlineCustomerData_MissingEmail_FailsValidation" classname="org.example.business.validators.CustomerValidatorTest$OnlineCustomerDataValidationTests" time="0.001"/>
  <testcase name="validateOnlineCustomerData_MissingAddress_FailsValidation" classname="org.example.business.validators.CustomerValidatorTest$OnlineCustomerDataValidationTests" time="0.001"/>
</testsuite>