<?xml version="1.0" encoding="UTF-8"?>
<testsuite xmlns:xsi="http://www.w3.org/2001/XMLSchema-instance" xsi:noNamespaceSchemaLocation="https://maven.apache.org/surefire/maven-surefire-plugin/xsd/surefire-test-report-3.0.xsd" version="3.0" name="org.example.presentation.controllers.ReportControllerTest" time="2.742" tests="7" errors="0" skipped="0" failures="0">
  <properties>
[...]
</properties>
  <testcase name="getItemByCode_ExistingCode_ReturnsItem" classname="org.example.business.services.ItemServiceImplTest" time="0.239">
    <system-out><![CDATA[
=== CONCURRENT ONLINE ORDER PROCESSING TEST ===
Testing 30 concurrent online order processing...

=== SALES REPORT FOR 2023-09-08 ===
Filter: All Transactions (Combined Report)
========================================
Access Denied - Invalid credentials detected
Access Denied - Invalid credentials detected
Access Denied - Invalid credentials detected
Access Denied - Invalid credentials detected
Sales Report for 2023-09-08:
Code       Item Name            Total Quantity  Total Revenue  
------------------------------------------------------------
]]></system-out>
  </testcase>
  <testcase name="getItemByCode_NonExistingCode_ReturnsNull" classname="org.example.business.services.ItemServiceImplTest" time="0.022">
    <system-out><![CDATA[Access Denied - Invalid credentials detected
Access Denied - Invalid credentials detected
Access Denied - Invalid credentials detected
Access Denied - Invalid credentials detected
Access Denied - Invalid credentials detected
Access Denied - Invalid credentials detected
Access Denied - Invalid credentials detected
Access Denied - Invalid credentials detected
Access Denied - Invalid credentials detected
Access Denied - Invalid credentials detected
]]></system-out>
  </testcase>
  <testcase name="generateSalesReport_InvalidStoreType_HandlesGracefully" classname="org.example.presentation.controllers.ReportControllerTest" time="0.012"/>
  <testcase name="generateSalesReport_EmptyTransactionType_HandlesGracefully" classname="org.example.presentation.controllers.ReportControllerTest" time="0.013">
    <system-out><![CDATA[Access Denied - Invalid credentials detected

=== SALES REPORT FOR 2023-09-08 ===
Filter: All Transactions (Combined Report)
========================================
Sales Report for 2023-09-08:
Code       Item Name            Total Quantity  Total Revenue  
------------------------------------------------------------
Customer added successfully: Bob Smith
]]></system-out>
  </testcase>
  <testcase name="generateSalesReport_EmptyStoreType_HandlesGracefully" classname="org.example.presentation.controllers.ReportControllerTest" time="0.014">
    <system-out><![CDATA[Shelf ID: 84, Item: Test Shelf Item 40222, Quantity: 0, Type: 0
Shelf ID: 83, Item: Test Shelf Item 92953, Quantity: 0, Type: 0
Shelf ID: 77, Item: Test Shelf Item 81085, Quantity: 0, Type: 0
Shelf ID: 23, Item: Cardamom 25g, Quantity: 6, Type: 6
Shelf ID: 22, Item: Cinnamon Sticks 50g, Quantity: 10, Type: 10
Shelf ID: 25, Item: Sunflower Oil 1L, Quantity: 12, Type: 12
Shelf ID: 35, Item: Seeni Sambol 350g, Quantity: 12, Type: 12
Shelf ID: 15, Item: Butter 200g, Quantity: 12, Type: 12
Shelf ID: 24, Item: Coconut Oil 500ml, Quantity: 14, Type: 14
Shelf ID: 4, Item: Samba Rice 5kg, Quantity: 15, Type: 15
Shelf ID: 17, Item: Dried Fish 250g, Quantity: 15, Type: 15
Shelf ID: 31, Item: Green Tea 50g, Quantity: 15, Type: 15
Shelf ID: 33, Item: Milo 400g, Quantity: 18, Type: 18
Shelf ID: 32, Item: Coffee Powder 200g, Quantity: 19, Type: 19
Shelf ID: 14, Item: Curd 400g, Quantity: 20, Type: 20
Shelf ID: 20, Item: Turmeric Powder 100g, Quantity: 20, Type: 20
Shelf ID: 1, Item: Nadu Rice 5kg, Quantity: 23, Type: 23
Shelf ID: 3, Item: Red Rice 1kg, Quantity: 23, Type: 23
Shelf ID: 2, Item: Basmati Rice 1kg, Quantity: 24, Type: 24
Shelf ID: 19, Item: Chili Powder 100g, Quantity: 24, Type: 24
Shelf ID: 12, Item: Papaya 1kg, Quantity: 24, Type: 24
Shelf ID: 30, Item: Ceylon Black Tea 100g, Quantity: 25, Type: 25
Shelf ID: 38, Item: Instant Noodles 400g, Quantity: 29, Type: 29
Shelf ID: 18, Item: Curry Powder 100g, Quantity: 30, Type: 30
Shelf ID: 80, Item: Multi Shelf Test 81814, Quantity: 30, Type: 30
Shelf ID: 82, Item: Multi Shelf Test 92335, Quantity: 30, Type: 30
Shelf ID: 86, Item: Multi Shelf Test 45855, Quantity: 30, Type: 30
Shelf ID: 21, Item: Coriander Powder 100g, Quantity: 35, Type: 35
Shelf ID: 9, Item: Carrots 1kg, Quantity: 35, Type: 35
Shelf ID: 5, Item: Red Onions 1kg, Quantity: 37, Type: 37
Shelf ID: 6, Item: Big Onions 1kg, Quantity: 39, Type: 39
Shelf ID: 27, Item: Brown Sugar 500g, Quantity: 40, Type: 40
Shelf ID: 13, Item: Fresh Milk 1L, Quantity: 40, Type: 40
Shelf ID: 34, Item: Biscuits Marie 200g, Quantity: 40, Type: 40
Shelf ID: 36, Item: White Bread, Quantity: 40, Type: 40
Shelf ID: 44, Item: Big Onions 1kg, Quantity: 45, Type: 45
Shelf ID: 10, Item: Potatoes 1kg, Quantity: 45, Type: 45
Shelf ID: 29, Item: Wheat Flour 1kg, Quantity: 49, Type: 49
Access Denied - Invalid credentials detected

=== SALES REPORT FOR 2023-09-08 ===
Filter: All Transactions (Combined Report)
========================================
Access Denied - Invalid credentials detected
Sales Report for 2023-09-08:
Code       Item Name            Total Quantity  Total Revenue  
------------------------------------------------------------
]]></system-out>
  </testcase>
  <testcase name="get_shelf_by_shelf_id_Success" classname="org.example.presentation.controllers.ShelfControllerTest" time="0.113">
    <system-out><![CDATA[Access Denied - Invalid credentials detected
Access Denied - Invalid credentials detected
Access Denied - Invalid credentials detected
Access Denied - Invalid credentials detected
Access Denied - Invalid credentials detected
Shelf ID: 87, Item: Test Shelf Item 48646, Quantity: 40, Type: STORE
]]></system-out>
  </testcase>
  <testcase name="getCustomerFromContactNumber_ValidNumber_ReturnsCustomer" classname="org.example.presentation.controllers.CustomerControllerTest" time="0.201"/>
</testsuite>