<?xml version="1.0" encoding="UTF-8"?>
<testsuite xmlns:xsi="http://www.w3.org/2001/XMLSchema-instance" xsi:noNamespaceSchemaLocation="https://maven.apache.org/surefire/maven-surefire-plugin/xsd/surefire-test-report-3.0.xsd" version="3.0" name="org.example.core.di.DIContainerTest" time="2.708" tests="14" errors="0" skipped="0" failures="0">
  <properties>
[...]
</properties>
  <testcase name="createItemController_WithDependencies_Success" classname="org.example.core.di.DIContainerTest" time="1.974">
    <system-out><![CDATA[Access Denied - Invalid credentials detected
Access Denied - Invalid credentials detected
Access Denied - Invalid credentials detected
Access Denied - Invalid credentials detected
Access Denied - Invalid credentials detected
Registration successful for customer 12 (ID: 47), Response time: 2097 ms
Access Denied - Invalid credentials detected
Access Denied - Invalid credentials detected
Access Denied - Invalid credentials detected
Access Denied - Invalid credentials detected
Access Denied - Invalid credentials detected
Access Denied - Invalid credentials detected
Access Denied - Invalid credentials detected
Access Denied - Invalid credentials detected
Access Denied - Invalid credentials detected
Access Denied - Invalid credentials detected
Access Denied - Invalid credentials detected
Access Denied - Invalid credentials detected
Access Denied - Invalid credentials detected
Access Denied - Invalid credentials detected
Access Denied - Invalid credentials detected
Access Denied - Invalid credentials detected
Access Denied - Invalid credentials detected
Access Denied - Invalid credentials detected
Access Denied - Invalid credentials detected
Access Denied - Invalid credentials detected
Access Denied - Invalid credentials detected
Access Denied - Invalid credentials detected
Access Denied - Invalid credentials detected
Access Denied - Invalid credentials detected
]]></system-out>
  </testcase>
  <testcase name="resolve_ItemGateway_CreatesSingleton" classname="org.example.core.di.DIContainerTest" time="0.013">
    <system-out><![CDATA[Access Denied - Invalid credentials detected
Access Denied - Invalid credentials detected
Access Denied - Invalid credentials detected
Access Denied - Invalid credentials detected
Access Denied - Invalid credentials detected
Stress operation 600 completed, Response time: 29 ms
Access Denied - Invalid credentials detected
Access Denied - Invalid credentials detected
Online customer registered successfully with ID: 51
]]></system-out>
  </testcase>
  <testcase name="isRegistered_RegisteredService_ReturnsTrue" classname="org.example.core.di.DIContainerTest" time="0.001">
    <system-out><![CDATA[Registration successful for customer 4 (ID: 51), Response time: 2135 ms
Access Denied - Invalid credentials detected
Access Denied - Invalid credentials detected
]]></system-out>
  </testcase>
  <testcase name="resolve_UnregisteredService_ThrowsException" classname="org.example.core.di.DIContainerTest" time="0.145">
    <system-out><![CDATA[Access Denied - Invalid credentials detected
Access Denied - Invalid credentials detected
Access Denied - Invalid credentials detected
Access Denied - Invalid credentials detected
Access Denied - Invalid credentials detected
Access Denied - Invalid credentials detected
Access Denied - Invalid credentials detected
Access Denied - Invalid credentials detected
Access Denied - Invalid credentials detected
Access Denied - Invalid credentials detected
Access Denied - Invalid credentials detected
Access Denied - Invalid credentials detected
Access Denied - Invalid credentials detected
Access Denied - Invalid credentials detected
Access Denied - Invalid credentials detected
Access Denied - Invalid credentials detected
Access Denied - Invalid credentials detected
Access Denied - Invalid credentials detected
Access Denied - Invalid credentials detected
Access Denied - Invalid credentials detected
Access Denied - Invalid credentials detected
Access Denied - Invalid credentials detected
Access Denied - Invalid credentials detected
Access Denied - Invalid credentials detected
Access Denied - Invalid credentials detected
Access Denied - Invalid credentials detected
Access Denied - Invalid credentials detected
Access Denied - Invalid credentials detected
Access Denied - Invalid credentials detected
Access Denied - Invalid credentials detected
Access Denied - Invalid credentials detected
Access Denied - Invalid credentials detected
Access Denied - Invalid credentials detected
Access Denied - Invalid credentials detected
Access Denied - Invalid credentials detected
]]></system-out>
  </testcase>
  <testcase name="registerCustom_CustomService_ResolvesCorrectly" classname="org.example.core.di.DIContainerTest" time="0.053">
    <system-out><![CDATA[Access Denied - Invalid credentials detected
Access Denied - Invalid credentials detected
Access Denied - Invalid credentials detected
Access Denied - Invalid credentials detected
Access Denied - Invalid credentials detected
Access Denied - Invalid credentials detected
Access Denied - Invalid credentials detected
Access Denied - Invalid credentials detected
Online customer registered successfully with ID: 48
Access Denied - Invalid credentials detected
Access Denied - Invalid credentials detected
Stress operation 900 completed, Response time: 16 ms
Access Denied - Invalid credentials detected
Access Denied - Invalid credentials detected
Access Denied - Invalid credentials detected
Access Denied - Invalid credentials detected
Access Denied - Invalid credentials detected
Access Denied - Invalid credentials detected
Access Denied - Invalid credentials detected
Access Denied - Invalid credentials detected
Access Denied - Invalid credentials detected
Access Denied - Invalid credentials detected
Access Denied - Invalid credentials detected
Access Denied - Invalid credentials detected
Access Denied - Invalid credentials detected
Access Denied - Invalid credentials detected
Access Denied - Invalid credentials detected
Access Denied - Invalid credentials detected
Access Denied - Invalid credentials detected
Access Denied - Invalid credentials detected
Access Denied - Invalid credentials detected
Access Denied - Invalid credentials detected
Access Denied - Invalid credentials detected
Access Denied - Invalid credentials detected
Access Denied - Invalid credentials detected
Access Denied - Invalid credentials detected
Access Denied - Invalid credentials detected
Access Denied - Invalid credentials detected
Access Denied - Invalid credentials detected
Registration successful for customer 14 (ID: 48), Response time: 2314 ms
Access Denied - Invalid credentials detected
Access Denied - Invalid credentials detected
Access Denied - Invalid credentials detected
Access Denied - Invalid credentials detected
Access Denied - Invalid credentials detected
Access Denied - Invalid credentials detected
Access Denied - Invalid credentials detected
Access Denied - Invalid credentials detected
Access Denied - Invalid credentials detected
Access Denied - Invalid credentials detected
Access Denied - Invalid credentials detected
Access Denied - Invalid credentials detected
Access Denied - Invalid credentials detected
Access Denied - Invalid credentials detected
Access Denied - Invalid credentials detected
Access Denied - Invalid credentials detected
Access Denied - Invalid credentials detected
Access Denied - Invalid credentials detected
Access Denied - Invalid credentials detected
Access Denied - Invalid credentials detected
Access Denied - Invalid credentials detected
Access Denied - Invalid credentials detected
Access Denied - Invalid credentials detected
Access Denied - Invalid credentials detected
Access Denied - Invalid credentials detected
Access Denied - Invalid credentials detected
Access Denied - Invalid credentials detected
Access Denied - Invalid credentials detected
Access Denied - Invalid credentials detected
Access Denied - Invalid credentials detected
Access Denied - Invalid credentials detected
Access Denied - Invalid credentials detected
Access Denied - Invalid credentials detected
Access Denied - Invalid credentials detected
Access Denied - Invalid credentials detected
Access Denied - Invalid credentials detected
Access Denied - Invalid credentials detected
Access Denied - Invalid credentials detected
Access Denied - Invalid credentials detected
Access Denied - Invalid credentials detected
Access Denied - Invalid credentials detected
Access Denied - Invalid credentials detected
Access Denied - Invalid credentials detected
Access Denied - Invalid credentials detected
Access Denied - Invalid credentials detected
Access Denied - Invalid credentials detected
Access Denied - Invalid credentials detected
Access Denied - Invalid credentials detected
Access Denied - Invalid credentials detected
Access Denied - Invalid credentials detected
Access Denied - Invalid credentials detected
Access Denied - Invalid credentials detected
Access Denied - Invalid credentials detected
Access Denied - Invalid credentials detected
Access Denied - Invalid credentials detected
Access Denied - Invalid credentials detected
Access Denied - Invalid credentials detected
Access Denied - Invalid credentials detected
Access Denied - Invalid credentials detected
Access Denied - Invalid credentials detected
Access Denied - Invalid credentials detected
Access Denied - Invalid credentials detected
Access Denied - Invalid credentials detected
Access Denied - Invalid credentials detected
Access Denied - Invalid credentials detected
Access Denied - Invalid credentials detected
Access Denied - Invalid credentials detected
Access Denied - Invalid credentials detected
Access Denied - Invalid credentials detected
]]></system-out>
  </testcase>
  <testcase name="createControllers_ThroughFactory_Functional" classname="org.example.core.di.DIContainerTest" time="0.013">
    <system-out><![CDATA[
=== SALES REPORT FOR 2023-09-08 ===
Filter: All Transactions (Combined Report)
========================================
Sales Report for 2023-09-08:
Code       Item Name]]></system-out>
  </testcase>
  <testcase name="clearSingletons_ThenResolve_CreatesNewSingleton" classname="org.example.core.di.DIContainerTest" time="0.007">
    <system-out><![CDATA[Online customer registered successfully with ID: 87
Online customer registered successfully with ID: 89
Online customer registered successfully with ID: 88
Registration successful for customer 49 (ID: 89), Response time: 127 ms
Registration successful for customer 48 (ID: 88), Response time: 127 ms
Registration successful for customer 47 (ID: 87), Response time: 127 ms
Online customer registered successfully with ID: 90
Registration successful for customer 46 (ID: 90), Response time: 129 ms
Warning: Invalid store type 'INVALID_STORE', defaulting to all store types
Number of low stock shelves: 38
]]></system-out>
  </testcase>
  <testcase name="addItems_ValidList_Success" classname="org.example.business.services.ItemServiceImplTest" time="0.096">
    <system-out><![CDATA[Access Denied - Invalid credentials detected
Access Denied - Invalid credentials detected
Access Denied - Invalid credentials detected
Access Denied - Invalid credentials detected
Access Denied - Invalid credentials detected
Access Denied - Invalid credentials detected
Online customer registered successfully with ID: 62
Online customer registered successfully with ID: 67
Registration successful for customer 16 (ID: 62), Response time: 66 ms
Registration successful for customer 21 (ID: 67), Response time: 51 ms
Online customer registered successfully with ID: 66
Online customer registered successfully with ID: 70
Online customer registered successfully with ID: 68
Access Denied - Invalid credentials detected
Registration successful for customer 18 (ID: 66), Response time: 54 ms
Online customer registered successfully with ID: 69
Access Denied - Invalid credentials detected
Online customer registered successfully with ID: 64
Online customer registered successfully with ID: 63
Online customer registered successfully with ID: 65
Registration successful for customer 23 (ID: 68), Response time: 51 ms
Registration successful for customer 17 (ID: 64), Response time: 58 ms
Registration successful for customer 22 (ID: 69), Response time: 53 ms
Registration successful for customer 20 (ID: 63), Response time: 56 ms
Registration successful for customer 19 (ID: 70), Response time: 56 ms
Successfully added 1 items
Access Denied - Invalid credentials detected
Access Denied - Invalid credentials detected
Registration successful for customer 15 (ID: 65), Response time: 71 ms
Access Denied - Invalid credentials detected
Online customer registered successfully with ID: 71
Access Denied - Invalid credentials detected
Registration successful for customer 24 (ID: 71), Response time: 51 ms
Access Denied - Invalid credentials detected
Access Denied - Invalid credentials detected
]]></system-out>
  </testcase>
  <testcase name="addCustomer_ValidDetails_Success" classname="org.example.presentation.controllers.CustomerControllerTest" time="2.353">
    <system-out><![CDATA[Access Denied - Invalid credentials detected
Access Denied - Invalid credentials detected
Access Denied - Invalid credentials detected
Access Denied - Invalid credentials detected
Access Denied - Invalid credentials detected
Access Denied - Invalid credentials detected
Access Denied - Invalid credentials detected
Access Denied - Invalid credentials detected
Access Denied - Invalid credentials detected
Access Denied - Invalid credentials detected
Access Denied - Invalid credentials detected
Access Denied - Invalid credentials detected
Access Denied - Invalid credentials detected
Access Denied - Invalid credentials detected
Access Denied - Invalid credentials detected
Access Denied - Invalid credentials detected
Access Denied - Invalid credentials detected
Access Denied - Invalid credentials detected
Access Denied - Invalid credentials detected
Access Denied - Invalid credentials detected
Access Denied - Invalid credentials detected
Access Denied - Invalid credentials detected
Access Denied - Invalid credentials detected
Access Denied - Invalid credentials detected
Access Denied - Invalid credentials detected
Online customer registered successfully with ID: 49
Registration successful for customer 13 (ID: 49), Response time: 2150 ms
Access Denied - Invalid credentials detected
Access Denied - Invalid credentials detected
Access Denied - Invalid credentials detected
Access Denied - Invalid credentials detected
Access Denied - Invalid credentials detected
Access Denied - Invalid credentials detected
Access Denied - Invalid credentials detected
Access Denied - Invalid credentials detected
Access Denied - Invalid credentials detected
Access Denied - Invalid credentials detected
Access Denied - Invalid credentials detected
Access Denied - Invalid credentials detected
Access Denied - Invalid credentials detected
Access Denied - Invalid credentials detected
Access Denied - Invalid credentials detected
Access Denied - Invalid credentials detected
Access Denied - Invalid credentials detected
Access Denied - Invalid credentials detected
Access Denied - Invalid credentials detected
Access Denied - Invalid credentials detected
Access Denied - Invalid credentials detected
Online customer registered successfully with ID: 72
Registration successful for customer 25 (ID: 72), Response time: 59 ms
Access Denied - Invalid credentials detected
Access Denied - Invalid credentials detected
Access Denied - Invalid credentials detected
Access Denied - Invalid credentials detected
Access Denied - Invalid credentials detected
Access Denied - Invalid credentials detected
Access Denied - Invalid credentials detected
Access Denied - Invalid credentials detected
Access Denied - Invalid credentials detected
Access Denied - Invalid credentials detected
Access Denied - Invalid credentials detected
Online customer registered successfully with ID: 78
Access Denied - Invalid credentials detected
Registration successful for customer 27 (ID: 78), Response time: 45 ms
Online customer registered successfully with ID: 77
Access Denied - Invalid credentials detected
Registration successful for customer 35 (ID: 77), Response time: 39 ms
Access Denied - Invalid credentials detected
Online customer registered successfully with ID: 74
Registration successful for customer 29 (ID: 74), Response time: 44 ms
Access Denied - Invalid credentials detected
Access Denied - Invalid credentials detected
Access Denied - Invalid credentials detected
Access Denied - Invalid credentials detected
Access Denied - Invalid credentials detected
Access Denied - Invalid credentials detected
Access Denied - Invalid credentials detected
Access Denied - Invalid credentials detected
Access Denied - Invalid credentials detected
Access Denied - Invalid credentials detected
Access Denied - Invalid credentials detected
Stress operation 700 completed, Response time: 4 msOnline customer registered successfully with ID: 73

Online customer registered successfully with ID: 76
Access Denied - Invalid credentials detected
Registration successful for customer 28 (ID: 73), Response time: 51 ms
Access Denied - Invalid credentials detected
Access Denied - Invalid credentials detected
Registration successful for customer 26 (ID: 76), Response time: 53 ms
Stress operation 200 completed, Response time: 286 ms
Access Denied - Invalid credentials detected
Access Denied - Invalid credentials detected
Access Denied - Invalid credentials detected
Access Denied - Invalid credentials detected
Access Denied - Invalid credentials detected
Access Denied - Invalid credentials detected
Access Denied - Invalid credentials detected
Access Denied - Invalid credentials detected
Access Denied - Invalid credentials detected
Access Denied - Invalid credentials detected
Access Denied - Invalid credentials detected
Access Denied - Invalid credentials detected
Access Denied - Invalid credentials detected
Access Denied - Invalid credentials detected
Access Denied - Invalid credentials detected
Access Denied - Invalid credentials detected
Access Denied - Invalid credentials detected
Access Denied - Invalid credentials detected
Access Denied - Invalid credentials detected
Access Denied - Invalid credentials detected
Access Denied - Invalid credentials detected
Access Denied - Invalid credentials detected
Access Denied - Invalid credentials detected
Access Denied - Invalid credentials detected
Online customer registered successfully with ID: 75
Access Denied - Invalid credentials detected
Registration successful for customer 30 (ID: 75), Response time: 60 ms
Access Denied - Invalid credentials detected
Access Denied - Invalid credentials detected
Access Denied - Invalid credentials detected
]]></system-out>
  </testcase>
  <testcase name="getLatestAddedShelfId_Success" classname="org.example.presentation.controllers.ShelfControllerTest" time="2.077">
    <system-out><![CDATA[Access Denied - Invalid credentials detected
Access Denied - Invalid credentials detected
Access Denied - Invalid credentials detected
Access Denied - Invalid credentials detected
Access Denied - Invalid credentials detected
Access Denied - Invalid credentials detected
Access Denied - Invalid credentials detected
Access Denied - Invalid credentials detected
Access Denied - Invalid credentials detected
Access Denied - Invalid credentials detected
Access Denied - Invalid credentials detected
Access Denied - Invalid credentials detected
Access Denied - Invalid credentials detected
Access Denied - Invalid credentials detected
Access Denied - Invalid credentials detected
Access Denied - Invalid credentials detected
Access Denied - Invalid credentials detected
Access Denied - Invalid credentials detected
Access Denied - Invalid credentials detected
Access Denied - Invalid credentials detected
Access Denied - Invalid credentials detected
Access Denied - Invalid credentials detected
Access Denied - Invalid credentials detected
Access Denied - Invalid credentials detected
Access Denied - Invalid credentials detected
Access Denied - Invalid credentials detected
Access Denied - Invalid credentials detected
Access Denied - Invalid credentials detected
Access Denied - Invalid credentials detected
Access Denied - Invalid credentials detected
Access Denied - Invalid credentials detected
Access Denied - Invalid credentials detected
Online customer registered successfully with ID: 79
Registration successful for customer 38 (ID: 79), Response time: 44 ms
Access Denied - Invalid credentials detected
Access Denied - Invalid credentials detected
Access Denied - Invalid credentials detected
Access Denied - Invalid credentials detected
Access Denied - Invalid credentials detected
Access Denied - Invalid credentials detected
Access Denied - Invalid credentials detected
Access Denied - Invalid credentials detected
Access Denied - Invalid credentials detected
Access Denied - Invalid credentials detected
Access Denied - Invalid credentials detected
Access Denied - Invalid credentials detected
Access Denied - Invalid credentials detected
Access Denied - Invalid credentials detected
Access Denied - Invalid credentials detected
Access Denied - Invalid credentials detected
Online customer registered successfully with ID: 86
Registration successful for customer 44 (ID: 86), Response time: 46 ms
Online customer registered successfully with ID: 81
Registration successful for customer 40 (ID: 81), Response time: 64 ms
Online customer registered successfully with ID: 80
Online customer registered successfully with ID: 83
Online customer registered successfully with ID: 85
Registration successful for customer 39 (ID: 80), Response time: 65 ms
Online customer registered successfully with ID: 82
Registration successful for customer 42 (ID: 83), Response time: 59 ms
Online customer registered successfully with ID: 84
Registration successful for customer 37 (ID: 85), Response time: 84 ms
Access Denied - Invalid credentials detected
Access Denied - Invalid credentials detected
Access Denied - Invalid credentials detected
Registration successful for customer 41 (ID: 82), Response time: 69 ms
Registration successful for customer 43 (ID: 84), Response time: 64 ms
Access Denied - Invalid credentials detected
Access Denied - Invalid credentials detected
Access Denied - Invalid credentials detected
Access Denied - Invalid credentials detected
Access Denied - Invalid credentials detected
Access Denied - Invalid credentials detected
Access Denied - Invalid credentials detected
Access Denied - Invalid credentials detected
Access Denied - Invalid credentials detected
Access Denied - Invalid credentials detected
Access Denied - Invalid credentials detected
Access Denied - Invalid credentials detected
Stress operation 300 completed, Response time: 301 ms
Access Denied - Invalid credentials detected
Access Denied - Invalid credentials detected
Access Denied - Invalid credentials detected
Access Denied - Invalid credentials detected
Access Denied - Invalid credentials detected
Access Denied - Invalid credentials detected
Access Denied - Invalid credentials detected
Access Denied - Invalid credentials detected
Access Denied - Invalid credentials detected
Access Denied - Invalid credentials detected
Access Denied - Invalid credentials detected
Access Denied - Invalid credentials detected
Access Denied - Invalid credentials detected
Access Denied - Invalid credentials detected
Access Denied - Invalid credentials detected
Access Denied - Invalid credentials detected
Access Denied - Invalid credentials detected
Access Denied - Invalid credentials detected
Access Denied - Invalid credentials detected
Access Denied - Invalid credentials detected
Access Denied - Invalid credentials detected
Access Denied - Invalid credentials detected
Access Denied - Invalid credentials detected
Access Denied - Invalid credentials detected
Access Denied - Invalid credentials detected
Access Denied - Invalid credentials detected
Access Denied - Invalid credentials detected
Access Denied - Invalid credentials detected
Access Denied - Invalid credentials detected
Access Denied - Invalid credentials detected
Access Denied - Invalid credentials detected
Access Denied - Invalid credentials detected
Access Denied - Invalid credentials detected
Access Denied - Invalid credentials detected
Access Denied - Invalid credentials detected
Online customer registered successfully with ID: 52
Access Denied - Invalid credentials detected
Access Denied - Invalid credentials detected
Registration successful for customer 10 (ID: 52), Response time: 2255 ms
Latest added shelf ID: 87
Access Denied - Invalid credentials detected
]]></system-out>
  </testcase>
  <testcase name="generateSalesReport_WithStoreType_GeneratesReport" classname="org.example.presentation.controllers.ReportControllerTest" time="0.222">
    <system-out><![CDATA[Access Denied - Invalid credentials detected
Access Denied - Invalid credentials detected

=== SALES REPORT FOR 2023-09-08 ===
Filter: STORE Store Transactions
========================================
Access Denied - Invalid credentials detected
Access Denied - Invalid credentials detected
Access Denied - Invalid credentials detected
Access Denied - Invalid credentials detected
Access Denied - Invalid credentials detected
Sales Report for 2023-09-08 [STORE]:
Code       Item Name            Total Quantity  Total Revenue  
------------------------------------------------------------
Stress operation 800 completed, Response time: 21Access Denied - Invalid credentials detected
 ms
Access Denied - Invalid credentials detected
]]></system-out>
  </testcase>
  <testcase name="generateSalesReport_WithBothFilters_GeneratesReport" classname="org.example.presentation.controllers.ReportControllerTest" time="0.036">
    <system-out><![CDATA[Access Denied - Invalid credentials detected
Access Denied - Invalid credentials detected
Access Denied - Invalid credentials detected
Access Denied - Invalid credentials detected
Access Denied - Invalid credentials detected
Access Denied - Invalid credentials detected
Access Denied - Invalid credentials detected
Access Denied - Invalid credentials detected
Access Denied - Invalid credentials detected
Access Denied - Invalid credentials detected
Access Denied - Invalid credentials detected
Access Denied - Invalid credentials detected
Access Denied - Invalid credentials detected
Access Denied - Invalid credentials detected
Access Denied - Invalid credentials detected
Access Denied - Invalid credentials detected
Access Denied - Invalid credentials detected
Access Denied - Invalid credentials detected
Access Denied - Invalid credentials detected
Access Denied - Invalid credentials detected
Access Denied - Invalid credentials detected
Access Denied - Invalid credentials detected
Access Denied - Invalid credentials detected
Access Denied - Invalid credentials detected
Access Denied - Invalid credentials detected
Access Denied - Invalid credentials detected
Access Denied - Invalid credentials detected
Access Denied - Invalid credentials detected
Access Denied - Invalid credentials detected
Access Denied - Invalid credentials detected
Access Denied - Invalid credentials detected
Access Denied - Invalid credentials detected
Access Denied - Invalid credentials detected
Access Denied - Invalid credentials detected
Access Denied - Invalid credentials detected
Access Denied - Invalid credentials detected
Access Denied - Invalid credentials detected
Access Denied - Invalid credentials detected
Access Denied - Invalid credentials detected
Access Denied - Invalid credentials detected

=== SALES REPORT FOR 2023-09-08 ===
Filter: COUNTER Transactions from STORE Store
========================================
Access Denied - Invalid credentials detected
Access Denied - Invalid credentials detected
Access Denied - Invalid credentials detected
Access Denied - Invalid credentials detected
Access Denied - Invalid credentials detected
Access Denied - Invalid credentials detected
Access Denied - Invalid credentials detected
Sales Report for 2023-09-08 (COUNTER) [STORE]:
Code       Item Name            Total Quantity  Total Revenue  
------------------------------------------------------------
]]></system-out>
  </testcase>
  <testcase name="generateSalesReport_InvalidTransactionType_HandlesGracefully" classname="org.example.presentation.controllers.ReportControllerTest" time="0.051">
    <system-out><![CDATA[            Total Quantity  Total Revenue  
------------------------------------------------------------
]]></system-out>
  </testcase>
  <testcase name="addItemsToStock_FutureExpiryDate_Success" classname="org.example.presentation.controllers.StockControllerTest" time="0.287">
    <system-out><![CDATA[Access Denied - Invalid credentials detected
Access Denied - Invalid credentials detected
Warning: Invalid transaction type 'INVALID_TYPE', defaulting to all transactions
Access Denied - Invalid credentials detected
Access Denied - Invalid credentials detected
Access Denied - Invalid credentials detected
Access Denied - Invalid credentials detected
Access Denied - Invalid credentials detected
]]></system-out>
  </testcase>
</testsuite>