<?xml version="1.0" encoding="UTF-8"?>
<testsuite xmlns:xsi="http://www.w3.org/2001/XMLSchema-instance" xsi:noNamespaceSchemaLocation="https://maven.apache.org/surefire/maven-surefire-plugin/xsd/surefire-test-report-3.0.xsd" version="3.0" name="org.example.ConcurrencyTests.HighLoadConcurrencyTest" time="6.741" tests="4" errors="0" skipped="0" failures="1">
  <properties>
[...]
</properties>
  <testcase name="testDatabaseConnectionPoolUnderLoad" classname="org.example.ConcurrencyTests.HighLoadConcurrencyTest" time="0.782">
    <system-out><![CDATA[Customer added successfully: LoadTestUser_1767953989321
DB Operation 175 completed, Response time: 347 ms
DB Operation 75 completed, Response time: 405 ms

============================================================
DATABASE OPERATIONS TEST RESULTS
============================================================
Test Completed: YES
Total Time: 733 ms (0.73 seconds)
Total Operations: 200
Successful Operations: 200
Failed Operations: 0
Success Rate: 100.00%
Average Response Time: 128.54 ms
Throughput: 272.85 operations/second
============================================================
]]></system-out>
  </testcase>
  <testcase name="testHighLoadAuthentication" classname="org.example.ConcurrencyTests.HighLoadConcurrencyTest" time="2.883">
    <failure message="At least 50% of authentications should succeed. Success: 100 ==&gt; expected: &lt;true&gt; but was: &lt;false&gt;" type="org.opentest4j.AssertionFailedError"><![CDATA[org.opentest4j.AssertionFailedError: At least 50% of authentications should succeed. Success: 100 ==> expected: <true> but was: <false>
	at org.junit.jupiter.api.AssertionFailureBuilder.build(AssertionFailureBuilder.java:151)
	at org.junit.jupiter.api.AssertionFailureBuilder.buildAndThrow(AssertionFailureBuilder.java:132)
	at org.junit.jupiter.api.AssertTrue.failNotTrue(AssertTrue.java:63)
	at org.junit.jupiter.api.AssertTrue.assertTrue(AssertTrue.java:36)
	at org.junit.jupiter.api.Assertions.assertTrue(Assertions.java:214)
	at org.example.ConcurrencyTests.HighLoadConcurrencyTest.testHighLoadAuthentication(HighLoadConcurrencyTest.java:197)
	at java.base/java.lang.reflect.Method.invoke(Method.java:565)
	at java.base/java.util.concurrent.RecursiveAction.exec(RecursiveAction.java:194)
	at java.base/java.util.concurrent.ForkJoinTask.doExec(ForkJoinTask.java:507)
	at java.base/java.util.concurrent.ForkJoinPool$WorkQueue.topLevelExec(ForkJoinPool.java:1394)
	at java.base/java.util.concurrent.ForkJoinPool.runWorker(ForkJoinPool.java:1970)
	at java.base/java.util.concurrent.ForkJoinWorkerThread.run(ForkJoinWorkerThread.java:187)
]]></failure>
    <system-out><![CDATA[Access Denied - Invalid credentials detected
Access Denied - Invalid credentials detected

============================================================
AUTHENTICATION TEST RESULTS
============================================================
Test Completed: YES
Total Time: 2309 ms (2.31 seconds)
Total Operations: 500
Successful Operations: 100
Failed Operations: 400
Success Rate: 20.00%
Average Response Time: 64.12 ms
Throughput: 43.31 operations/second
============================================================
Customer added successfully: MixedUser_1767953982382
Access Denied - Invalid credentials detected
Access Denied - Invalid credentials detected
Access Denied - Invalid credentials detected
Customer added successfully: MixedUser_1767953982347
Access Denied - Invalid credentials detected
Customer added successfully: MixedUser_1767953982342
Customer added successfully: MixedUser_1767953982331
Mixed operation 60 (type 0) completed, Response time: 2893 ms
Mixed operation 30 (type 2) completed, Response time: 2921 ms
Customer added successfully: MixedUser_1767953982324
Customer added successfully: MixedUser_1767953982319
Customer added successfully: MixedUser_1767953982257
Access Denied - Invalid credentials detected
Customer added successfully: MixedUser_1767953982299
Access Denied - Invalid credentials detected
Access Denied - Invalid credentials detected
Access Denied - Invalid credentials detected
Access Denied - Invalid credentials detected
Access Denied - Invalid credentials detected
]]></system-out>
  </testcase>
  <testcase name="testMixedOperationsUnderLoad" classname="org.example.ConcurrencyTests.HighLoadConcurrencyTest" time="3.851">
    <system-out><![CDATA[Customer added successfully: LoadTestUser_1767953988683
Access Denied - Invalid credentials detected
Access Denied - Invalid credentials detected
Customer added successfully: MixedUser_1767953982286
Customer added successfully: LoadTestUser_1767953988213
Customer added successfully: MixedUser_1767953982282
Customer added successfully: LoadTestUser_1767953984466
Customer added successfully: LoadTestUser_1767953984608
Customer added successfully: LoadTestUser_1767953991283
Customer added successfully: MixedUser_1767953982265
Customer added successfully: MixedUser_1767953982264
Customer added successfully: MixedUser_1767953982384
Customer added successfully: MixedUser_1767953982352
Customer added successfully: MixedUser_1767953982270
Customer added successfully: MixedUser_1767953982249
Mixed operation 0 (type 0) completed, Response time: 2987 ms
Access Denied - Invalid credentials detected

============================================================
MIXED OPERATIONS TEST RESULTS
============================================================
Test Completed: YES
Total Time: 3819 ms (3.82 seconds)
Total Operations: 200
Successful Operations: 200
Failed Operations: 0
Success Rate: 100.00%
Average Response Time: 940.86 ms
Throughput: 52.37 operations/second
============================================================
Customer added successfully: LoadTestUser_1767953988510

============================================================
USER REGISTRATION TEST RESULTS
============================================================
Test Completed: YES
Total Time: 3880 ms (3.88 seconds)
Total Operations: 500
Successful Operations: 489
Failed Operations: 11
Success Rate: 97.80%
Average Response Time: 139.15 ms
Throughput: 126.03 operations/second
============================================================
]]></system-out>
  </testcase>
  <testcase name="testHighLoadUserRegistration" classname="org.example.ConcurrencyTests.HighLoadConcurrencyTest" time="3.995"/>
</testsuite>